[2015-04-26 23:22:22] local.ERROR: exception 'ErrorException' with message 'Creating default object from empty value' in /Users/jonyfernandoschulz/workspace/imovelsp/local/app/Http/Repositories/MediaRepository.php:33
Stack trace:
#0 /Users/jonyfernandoschulz/workspace/imovelsp/local/app/Http/Repositories/MediaRepository.php(33): Illuminate\Foundation\Bootstrap\HandleExceptions->handleError(2, 'Creating defaul...', '/Users/jonyfern...', 33, Array)
#1 /Users/jonyfernandoschulz/workspace/imovelsp/local/app/Http/Controllers/MediaController.php(34): App\Http\Repositories\MediaRepository->createOrUpdate(Object(App\MediaDTO))
#2 [internal function]: App\Http\Controllers\MediaController->index()
#3 /Users/jonyfernandoschulz/workspace/imovelsp/local/vendor/laravel/framework/src/Illuminate/Routing/Controller.php(246): call_user_func_array(Array, Array)
#4 /Users/jonyfernandoschulz/workspace/imovelsp/local/vendor/laravel/framework/src/Illuminate/Routing/ControllerDispatcher.php(162): Illuminate\Routing\Controller->callAction('index', Array)
#5 /Users/jonyfernandoschulz/workspace/imovelsp/local/vendor/laravel/framework/src/Illuminate/Routing/ControllerDispatcher.php(107): Illuminate\Routing\ControllerDispatcher->call(Object(App\Http\Controllers\MediaController), Object(Illuminate\Routing\Route), 'index')
#6 [internal function]: Illuminate\Routing\ControllerDispatcher->Illuminate\Routing\{closure}(Object(Illuminate\Http\Request))
#7 /Users/jonyfernandoschulz/workspace/imovelsp/local/vendor/laravel/framework/src/Illuminate/Pipeline/Pipeline.php(141): call_user_func(Object(Closure), Object(Illuminate\Http\Request))
#8 [internal function]: Illuminate\Pipeline\Pipeline->Illuminate\Pipeline\{closure}(Object(Illuminate\Http\Request))
#9 /Users/jonyfernandoschulz/workspace/imovelsp/local/vendor/laravel/framework/src/Illuminate/Pipeline/Pipeline.php(101): call_user_func(Object(Closure), Object(Illuminate\Http\Request))
#10 /Users/jonyfernandoschulz/workspace/imovelsp/local/vendor/laravel/framework/src/Illuminate/Routing/ControllerDispatcher.php(108): Illuminate\Pipeline\Pipeline->then(Object(Closure))
#11 /Users/jonyfernandoschulz/workspace/imovelsp/local/vendor/laravel/framework/src/Illuminate/Routing/ControllerDispatcher.php(67): Illuminate\Routing\ControllerDispatcher->callWithinStack(Object(App\Http\Controllers\MediaController), Object(Illuminate\Routing\Route), Object(Illuminate\Http\Request), 'index')
#12 /Users/jonyfernandoschulz/workspace/imovelsp/local/vendor/laravel/framework/src/Illuminate/Routing/Route.php(198): Illuminate\Routing\ControllerDispatcher->dispatch(Object(Illuminate\Routing\Route), Object(Illuminate\Http\Request), 'App\\Http\\Contro...', 'index')
#13 /Users/jonyfernandoschulz/workspace/imovelsp/local/vendor/laravel/framework/src/Illuminate/Routing/Route.php(131): Illuminate\Routing\Route->runWithCustomDispatcher(Object(Illuminate\Http\Request))
#14 /Users/jonyfernandoschulz/workspace/imovelsp/local/vendor/laravel/framework/src/Illuminate/Routing/Router.php(692): Illuminate\Routing\Route->run(Object(Illuminate\Http\Request))
#15 [internal function]: Illuminate\Routing\Router->Illuminate\Routing\{closure}(Object(Illuminate\Http\Request))
#16 /Users/jonyfernandoschulz/workspace/imovelsp/local/vendor/laravel/framework/src/Illuminate/Pipeline/Pipeline.php(141): call_user_func(Object(Closure), Object(Illuminate\Http\Request))
#17 [internal function]: Illuminate\Pipeline\Pipeline->Illuminate\Pipeline\{closure}(Object(Illuminate\Http\Request))
#18 /Users/jonyfernandoschulz/workspace/imovelsp/local/vendor/laravel/framework/src/Illuminate/Pipeline/Pipeline.php(101): call_user_func(Object(Closure), Object(Illuminate\Http\Request))
#19 /Users/jonyfernandoschulz/workspace/imovelsp/local/vendor/laravel/framework/src/Illuminate/Routing/Router.php(694): Illuminate\Pipeline\Pipeline->then(Object(Closure))
#20 /Users/jonyfernandoschulz/workspace/imovelsp/local/vendor/laravel/framework/src/Illuminate/Routing/Router.php(661): Illuminate\Routing\Router->runRouteWithinStack(Object(Illuminate\Routing\Route), Object(Illuminate\Http\Request))
#21 /Users/jonyfernandoschulz/workspace/imovelsp/local/vendor/laravel/framework/src/Illuminate/Routing/Router.php(619): Illuminate\Routing\Router->dispatchToRoute(Object(Illuminate\Http\Request))
#22 /Users/jonyfernandoschulz/workspace/imovelsp/local/vendor/laravel/framework/src/Illuminate/Foundation/Http/Kernel.php(214): Illuminate\Routing\Router->dispatch(Object(Illuminate\Http\Request))
#23 [internal function]: Illuminate\Foundation\Http\Kernel->Illuminate\Foundation\Http\{closure}(Object(Illuminate\Http\Request))
#24 /Users/jonyfernandoschulz/workspace/imovelsp/local/vendor/laravel/framework/src/Illuminate/Pipeline/Pipeline.php(141): call_user_func(Object(Closure), Object(Illuminate\Http\Request))
#25 /Users/jonyfernandoschulz/workspace/imovelsp/local/vendor/laravel/framework/src/Illuminate/Foundation/Http/Middleware/VerifyCsrfToken.php(43): Illuminate\Pipeline\Pipeline->Illuminate\Pipeline\{closure}(Object(Illuminate\Http\Request))
#26 /Users/jonyfernandoschulz/workspace/imovelsp/local/app/Http/Middleware/VerifyCsrfToken.php(17): Illuminate\Foundation\Http\Middleware\VerifyCsrfToken->handle(Object(Illuminate\Http\Request), Object(Closure))
#27 /Users/jonyfernandoschulz/workspace/imovelsp/local/vendor/laravel/framework/src/Illuminate/Pipeline/Pipeline.php(125): App\Http\Middleware\VerifyCsrfToken->handle(Object(Illuminate\Http\Request), Object(Closure))
#28 /Users/jonyfernandoschulz/workspace/imovelsp/local/vendor/laravel/framework/src/Illuminate/View/Middleware/ShareErrorsFromSession.php(55): Illuminate\Pipeline\Pipeline->Illuminate\Pipeline\{closure}(Object(Illuminate\Http\Request))
#29 /Users/jonyfernandoschulz/workspace/imovelsp/local/vendor/laravel/framework/src/Illuminate/Pipeline/Pipeline.php(125): Illuminate\View\Middleware\ShareErrorsFromSession->handle(Object(Illuminate\Http\Request), Object(Closure))
#30 /Users/jonyfernandoschulz/workspace/imovelsp/local/vendor/laravel/framework/src/Illuminate/Session/Middleware/StartSession.php(61): Illuminate\Pipeline\Pipeline->Illuminate\Pipeline\{closure}(Object(Illuminate\Http\Request))
#31 /Users/jonyfernandoschulz/workspace/imovelsp/local/vendor/laravel/framework/src/Illuminate/Pipeline/Pipeline.php(125): Illuminate\Session\Middleware\StartSession->handle(Object(Illuminate\Http\Request), Object(Closure))
#32 /Users/jonyfernandoschulz/workspace/imovelsp/local/vendor/laravel/framework/src/Illuminate/Cookie/Middleware/AddQueuedCookiesToResponse.php(36): Illuminate\Pipeline\Pipeline->Illuminate\Pipeline\{closure}(Object(Illuminate\Http\Request))
#33 /Users/jonyfernandoschulz/workspace/imovelsp/local/vendor/laravel/framework/src/Illuminate/Pipeline/Pipeline.php(125): Illuminate\Cookie\Middleware\AddQueuedCookiesToResponse->handle(Object(Illuminate\Http\Request), Object(Closure))
#34 /Users/jonyfernandoschulz/workspace/imovelsp/local/vendor/laravel/framework/src/Illuminate/Cookie/Middleware/EncryptCookies.php(40): Illuminate\Pipeline\Pipeline->Illuminate\Pipeline\{closure}(Object(Illuminate\Http\Request))
#35 /Users/jonyfernandoschulz/workspace/imovelsp/local/vendor/laravel/framework/src/Illuminate/Pipeline/Pipeline.php(125): Illuminate\Cookie\Middleware\EncryptCookies->handle(Object(Illuminate\Http\Request), Object(Closure))
#36 /Users/jonyfernandoschulz/workspace/imovelsp/local/vendor/laravel/framework/src/Illuminate/Foundation/Http/Middleware/CheckForMaintenanceMode.php(42): Illuminate\Pipeline\Pipeline->Illuminate\Pipeline\{closure}(Object(Illuminate\Http\Request))
#37 /Users/jonyfernandoschulz/workspace/imovelsp/local/vendor/laravel/framework/src/Illuminate/Pipeline/Pipeline.php(125): Illuminate\Foundation\Http\Middleware\CheckForMaintenanceMode->handle(Object(Illuminate\Http\Request), Object(Closure))
#38 [internal function]: Illuminate\Pipeline\Pipeline->Illuminate\Pipeline\{closure}(Object(Illuminate\Http\Request))
#39 /Users/jonyfernandoschulz/workspace/imovelsp/local/vendor/laravel/framework/src/Illuminate/Pipeline/Pipeline.php(101): call_user_func(Object(Closure), Object(Illuminate\Http\Request))
#40 /Users/jonyfernandoschulz/workspace/imovelsp/local/vendor/laravel/framework/src/Illuminate/Foundation/Http/Kernel.php(115): Illuminate\Pipeline\Pipeline->then(Object(Closure))
#41 /Users/jonyfernandoschulz/workspace/imovelsp/local/vendor/laravel/framework/src/Illuminate/Foundation/Http/Kernel.php(84): Illuminate\Foundation\Http\Kernel->sendRequestThroughRouter(Object(Illuminate\Http\Request))
#42 /Users/jonyfernandoschulz/workspace/imovelsp/index.php(53): Illuminate\Foundation\Http\Kernel->handle(Object(Illuminate\Http\Request))
#43 {main}  
[2015-04-26 23:22:22] local.ERROR: exception 'ErrorException' with message 'Creating default object from empty value' in /Users/jonyfernandoschulz/workspace/imovelsp/local/app/Http/Repositories/MediaRepository.php:33
Stack trace:
#0 /Users/jonyfernandoschulz/workspace/imovelsp/local/app/Http/Repositories/MediaRepository.php(33): Illuminate\Foundation\Bootstrap\HandleExceptions->handleError(2, 'Creating defaul...', '/Users/jonyfern...', 33, Array)
#1 /Users/jonyfernandoschulz/workspace/imovelsp/local/app/Http/Controllers/MediaController.php(34): App\Http\Repositories\MediaRepository->createOrUpdate(Object(App\MediaDTO))
#2 [internal function]: App\Http\Controllers\MediaController->index()
#3 /Users/jonyfernandoschulz/workspace/imovelsp/local/vendor/laravel/framework/src/Illuminate/Routing/Controller.php(246): call_user_func_array(Array, Array)
#4 /Users/jonyfernandoschulz/workspace/imovelsp/local/vendor/laravel/framework/src/Illuminate/Routing/ControllerDispatcher.php(162): Illuminate\Routing\Controller->callAction('index', Array)
#5 /Users/jonyfernandoschulz/workspace/imovelsp/local/vendor/laravel/framework/src/Illuminate/Routing/ControllerDispatcher.php(107): Illuminate\Routing\ControllerDispatcher->call(Object(App\Http\Controllers\MediaController), Object(Illuminate\Routing\Route), 'index')
#6 [internal function]: Illuminate\Routing\ControllerDispatcher->Illuminate\Routing\{closure}(Object(Illuminate\Http\Request))
#7 /Users/jonyfernandoschulz/workspace/imovelsp/local/vendor/laravel/framework/src/Illuminate/Pipeline/Pipeline.php(141): call_user_func(Object(Closure), Object(Illuminate\Http\Request))
#8 [internal function]: Illuminate\Pipeline\Pipeline->Illuminate\Pipeline\{closure}(Object(Illuminate\Http\Request))
#9 /Users/jonyfernandoschulz/workspace/imovelsp/local/vendor/laravel/framework/src/Illuminate/Pipeline/Pipeline.php(101): call_user_func(Object(Closure), Object(Illuminate\Http\Request))
#10 /Users/jonyfernandoschulz/workspace/imovelsp/local/vendor/laravel/framework/src/Illuminate/Routing/ControllerDispatcher.php(108): Illuminate\Pipeline\Pipeline->then(Object(Closure))
#11 /Users/jonyfernandoschulz/workspace/imovelsp/local/vendor/laravel/framework/src/Illuminate/Routing/ControllerDispatcher.php(67): Illuminate\Routing\ControllerDispatcher->callWithinStack(Object(App\Http\Controllers\MediaController), Object(Illuminate\Routing\Route), Object(Illuminate\Http\Request), 'index')
#12 /Users/jonyfernandoschulz/workspace/imovelsp/local/vendor/laravel/framework/src/Illuminate/Routing/Route.php(198): Illuminate\Routing\ControllerDispatcher->dispatch(Object(Illuminate\Routing\Route), Object(Illuminate\Http\Request), 'App\\Http\\Contro...', 'index')
#13 /Users/jonyfernandoschulz/workspace/imovelsp/local/vendor/laravel/framework/src/Illuminate/Routing/Route.php(131): Illuminate\Routing\Route->runWithCustomDispatcher(Object(Illuminate\Http\Request))
#14 /Users/jonyfernandoschulz/workspace/imovelsp/local/vendor/laravel/framework/src/Illuminate/Routing/Router.php(692): Illuminate\Routing\Route->run(Object(Illuminate\Http\Request))
#15 [internal function]: Illuminate\Routing\Router->Illuminate\Routing\{closure}(Object(Illuminate\Http\Request))
#16 /Users/jonyfernandoschulz/workspace/imovelsp/local/vendor/laravel/framework/src/Illuminate/Pipeline/Pipeline.php(141): call_user_func(Object(Closure), Object(Illuminate\Http\Request))
#17 [internal function]: Illuminate\Pipeline\Pipeline->Illuminate\Pipeline\{closure}(Object(Illuminate\Http\Request))
#18 /Users/jonyfernandoschulz/workspace/imovelsp/local/vendor/laravel/framework/src/Illuminate/Pipeline/Pipeline.php(101): call_user_func(Object(Closure), Object(Illuminate\Http\Request))
#19 /Users/jonyfernandoschulz/workspace/imovelsp/local/vendor/laravel/framework/src/Illuminate/Routing/Router.php(694): Illuminate\Pipeline\Pipeline->then(Object(Closure))
#20 /Users/jonyfernandoschulz/workspace/imovelsp/local/vendor/laravel/framework/src/Illuminate/Routing/Router.php(661): Illuminate\Routing\Router->runRouteWithinStack(Object(Illuminate\Routing\Route), Object(Illuminate\Http\Request))
#21 /Users/jonyfernandoschulz/workspace/imovelsp/local/vendor/laravel/framework/src/Illuminate/Routing/Router.php(619): Illuminate\Routing\Router->dispatchToRoute(Object(Illuminate\Http\Request))
#22 /Users/jonyfernandoschulz/workspace/imovelsp/local/vendor/laravel/framework/src/Illuminate/Foundation/Http/Kernel.php(214): Illuminate\Routing\Router->dispatch(Object(Illuminate\Http\Request))
#23 [internal function]: Illuminate\Foundation\Http\Kernel->Illuminate\Foundation\Http\{closure}(Object(Illuminate\Http\Request))
#24 /Users/jonyfernandoschulz/workspace/imovelsp/local/vendor/laravel/framework/src/Illuminate/Pipeline/Pipeline.php(141): call_user_func(Object(Closure), Object(Illuminate\Http\Request))
#25 /Users/jonyfernandoschulz/workspace/imovelsp/local/vendor/laravel/framework/src/Illuminate/Foundation/Http/Middleware/VerifyCsrfToken.php(43): Illuminate\Pipeline\Pipeline->Illuminate\Pipeline\{closure}(Object(Illuminate\Http\Request))
#26 /Users/jonyfernandoschulz/workspace/imovelsp/local/app/Http/Middleware/VerifyCsrfToken.php(17): Illuminate\Foundation\Http\Middleware\VerifyCsrfToken->handle(Object(Illuminate\Http\Request), Object(Closure))
#27 /Users/jonyfernandoschulz/workspace/imovelsp/local/vendor/laravel/framework/src/Illuminate/Pipeline/Pipeline.php(125): App\Http\Middleware\VerifyCsrfToken->handle(Object(Illuminate\Http\Request), Object(Closure))
#28 /Users/jonyfernandoschulz/workspace/imovelsp/local/vendor/laravel/framework/src/Illuminate/View/Middleware/ShareErrorsFromSession.php(55): Illuminate\Pipeline\Pipeline->Illuminate\Pipeline\{closure}(Object(Illuminate\Http\Request))
#29 /Users/jonyfernandoschulz/workspace/imovelsp/local/vendor/laravel/framework/src/Illuminate/Pipeline/Pipeline.php(125): Illuminate\View\Middleware\ShareErrorsFromSession->handle(Object(Illuminate\Http\Request), Object(Closure))
#30 /Users/jonyfernandoschulz/workspace/imovelsp/local/vendor/laravel/framework/src/Illuminate/Session/Middleware/StartSession.php(61): Illuminate\Pipeline\Pipeline->Illuminate\Pipeline\{closure}(Object(Illuminate\Http\Request))
#31 /Users/jonyfernandoschulz/workspace/imovelsp/local/vendor/laravel/framework/src/Illuminate/Pipeline/Pipeline.php(125): Illuminate\Session\Middleware\StartSession->handle(Object(Illuminate\Http\Request), Object(Closure))
#32 /Users/jonyfernandoschulz/workspace/imovelsp/local/vendor/laravel/framework/src/Illuminate/Cookie/Middleware/AddQueuedCookiesToResponse.php(36): Illuminate\Pipeline\Pipeline->Illuminate\Pipeline\{closure}(Object(Illuminate\Http\Request))
#33 /Users/jonyfernandoschulz/workspace/imovelsp/local/vendor/laravel/framework/src/Illuminate/Pipeline/Pipeline.php(125): Illuminate\Cookie\Middleware\AddQueuedCookiesToResponse->handle(Object(Illuminate\Http\Request), Object(Closure))
#34 /Users/jonyfernandoschulz/workspace/imovelsp/local/vendor/laravel/framework/src/Illuminate/Cookie/Middleware/EncryptCookies.php(40): Illuminate\Pipeline\Pipeline->Illuminate\Pipeline\{closure}(Object(Illuminate\Http\Request))
#35 /Users/jonyfernandoschulz/workspace/imovelsp/local/vendor/laravel/framework/src/Illuminate/Pipeline/Pipeline.php(125): Illuminate\Cookie\Middleware\EncryptCookies->handle(Object(Illuminate\Http\Request), Object(Closure))
#36 /Users/jonyfernandoschulz/workspace/imovelsp/local/vendor/laravel/framework/src/Illuminate/Foundation/Http/Middleware/CheckForMaintenanceMode.php(42): Illuminate\Pipeline\Pipeline->Illuminate\Pipeline\{closure}(Object(Illuminate\Http\Request))
#37 /Users/jonyfernandoschulz/workspace/imovelsp/local/vendor/laravel/framework/src/Illuminate/Pipeline/Pipeline.php(125): Illuminate\Foundation\Http\Middleware\CheckForMaintenanceMode->handle(Object(Illuminate\Http\Request), Object(Closure))
#38 [internal function]: Illuminate\Pipeline\Pipeline->Illuminate\Pipeline\{closure}(Object(Illuminate\Http\Request))
#39 /Users/jonyfernandoschulz/workspace/imovelsp/local/vendor/laravel/framework/src/Illuminate/Pipeline/Pipeline.php(101): call_user_func(Object(Closure), Object(Illuminate\Http\Request))
#40 /Users/jonyfernandoschulz/workspace/imovelsp/local/vendor/laravel/framework/src/Illuminate/Foundation/Http/Kernel.php(115): Illuminate\Pipeline\Pipeline->then(Object(Closure))
#41 /Users/jonyfernandoschulz/workspace/imovelsp/local/vendor/laravel/framework/src/Illuminate/Foundation/Http/Kernel.php(84): Illuminate\Foundation\Http\Kernel->sendRequestThroughRouter(Object(Illuminate\Http\Request))
#42 /Users/jonyfernandoschulz/workspace/imovelsp/index.php(53): Illuminate\Foundation\Http\Kernel->handle(Object(Illuminate\Http\Request))
#43 {main}  
[2015-04-26 23:22:59] local.ERROR: exception 'ErrorException' with message 'Creating default object from empty value' in /Users/jonyfernandoschulz/workspace/imovelsp/local/app/Http/Repositories/MediaRepository.php:33
Stack trace:
#0 /Users/jonyfernandoschulz/workspace/imovelsp/local/app/Http/Repositories/MediaRepository.php(33): Illuminate\Foundation\Bootstrap\HandleExceptions->handleError(2, 'Creating defaul...', '/Users/jonyfern...', 33, Array)
#1 /Users/jonyfernandoschulz/workspace/imovelsp/local/app/Http/Controllers/MediaController.php(34): App\Http\Repositories\MediaRepository->createOrUpdate(Object(App\MediaDTO))
#2 [internal function]: App\Http\Controllers\MediaController->index()
#3 /Users/jonyfernandoschulz/workspace/imovelsp/local/vendor/laravel/framework/src/Illuminate/Routing/Controller.php(246): call_user_func_array(Array, Array)
#4 /Users/jonyfernandoschulz/workspace/imovelsp/local/vendor/laravel/framework/src/Illuminate/Routing/ControllerDispatcher.php(162): Illuminate\Routing\Controller->callAction('index', Array)
#5 /Users/jonyfernandoschulz/workspace/imovelsp/local/vendor/laravel/framework/src/Illuminate/Routing/ControllerDispatcher.php(107): Illuminate\Routing\ControllerDispatcher->call(Object(App\Http\Controllers\MediaController), Object(Illuminate\Routing\Route), 'index')
#6 [internal function]: Illuminate\Routing\ControllerDispatcher->Illuminate\Routing\{closure}(Object(Illuminate\Http\Request))
#7 /Users/jonyfernandoschulz/workspace/imovelsp/local/vendor/laravel/framework/src/Illuminate/Pipeline/Pipeline.php(141): call_user_func(Object(Closure), Object(Illuminate\Http\Request))
#8 [internal function]: Illuminate\Pipeline\Pipeline->Illuminate\Pipeline\{closure}(Object(Illuminate\Http\Request))
#9 /Users/jonyfernandoschulz/workspace/imovelsp/local/vendor/laravel/framework/src/Illuminate/Pipeline/Pipeline.php(101): call_user_func(Object(Closure), Object(Illuminate\Http\Request))
#10 /Users/jonyfernandoschulz/workspace/imovelsp/local/vendor/laravel/framework/src/Illuminate/Routing/ControllerDispatcher.php(108): Illuminate\Pipeline\Pipeline->then(Object(Closure))
#11 /Users/jonyfernandoschulz/workspace/imovelsp/local/vendor/laravel/framework/src/Illuminate/Routing/ControllerDispatcher.php(67): Illuminate\Routing\ControllerDispatcher->callWithinStack(Object(App\Http\Controllers\MediaController), Object(Illuminate\Routing\Route), Object(Illuminate\Http\Request), 'index')
#12 /Users/jonyfernandoschulz/workspace/imovelsp/local/vendor/laravel/framework/src/Illuminate/Routing/Route.php(198): Illuminate\Routing\ControllerDispatcher->dispatch(Object(Illuminate\Routing\Route), Object(Illuminate\Http\Request), 'App\\Http\\Contro...', 'index')
#13 /Users/jonyfernandoschulz/workspace/imovelsp/local/vendor/laravel/framework/src/Illuminate/Routing/Route.php(131): Illuminate\Routing\Route->runWithCustomDispatcher(Object(Illuminate\Http\Request))
#14 /Users/jonyfernandoschulz/workspace/imovelsp/local/vendor/laravel/framework/src/Illuminate/Routing/Router.php(692): Illuminate\Routing\Route->run(Object(Illuminate\Http\Request))
#15 [internal function]: Illuminate\Routing\Router->Illuminate\Routing\{closure}(Object(Illuminate\Http\Request))
#16 /Users/jonyfernandoschulz/workspace/imovelsp/local/vendor/laravel/framework/src/Illuminate/Pipeline/Pipeline.php(141): call_user_func(Object(Closure), Object(Illuminate\Http\Request))
#17 [internal function]: Illuminate\Pipeline\Pipeline->Illuminate\Pipeline\{closure}(Object(Illuminate\Http\Request))
#18 /Users/jonyfernandoschulz/workspace/imovelsp/local/vendor/laravel/framework/src/Illuminate/Pipeline/Pipeline.php(101): call_user_func(Object(Closure), Object(Illuminate\Http\Request))
#19 /Users/jonyfernandoschulz/workspace/imovelsp/local/vendor/laravel/framework/src/Illuminate/Routing/Router.php(694): Illuminate\Pipeline\Pipeline->then(Object(Closure))
#20 /Users/jonyfernandoschulz/workspace/imovelsp/local/vendor/laravel/framework/src/Illuminate/Routing/Router.php(661): Illuminate\Routing\Router->runRouteWithinStack(Object(Illuminate\Routing\Route), Object(Illuminate\Http\Request))
#21 /Users/jonyfernandoschulz/workspace/imovelsp/local/vendor/laravel/framework/src/Illuminate/Routing/Router.php(619): Illuminate\Routing\Router->dispatchToRoute(Object(Illuminate\Http\Request))
#22 /Users/jonyfernandoschulz/workspace/imovelsp/local/vendor/laravel/framework/src/Illuminate/Foundation/Http/Kernel.php(214): Illuminate\Routing\Router->dispatch(Object(Illuminate\Http\Request))
#23 [internal function]: Illuminate\Foundation\Http\Kernel->Illuminate\Foundation\Http\{closure}(Object(Illuminate\Http\Request))
#24 /Users/jonyfernandoschulz/workspace/imovelsp/local/vendor/laravel/framework/src/Illuminate/Pipeline/Pipeline.php(141): call_user_func(Object(Closure), Object(Illuminate\Http\Request))
#25 /Users/jonyfernandoschulz/workspace/imovelsp/local/vendor/laravel/framework/src/Illuminate/Foundation/Http/Middleware/VerifyCsrfToken.php(43): Illuminate\Pipeline\Pipeline->Illuminate\Pipeline\{closure}(Object(Illuminate\Http\Request))
#26 /Users/jonyfernandoschulz/workspace/imovelsp/local/app/Http/Middleware/VerifyCsrfToken.php(17): Illuminate\Foundation\Http\Middleware\VerifyCsrfToken->handle(Object(Illuminate\Http\Request), Object(Closure))
#27 /Users/jonyfernandoschulz/workspace/imovelsp/local/vendor/laravel/framework/src/Illuminate/Pipeline/Pipeline.php(125): App\Http\Middleware\VerifyCsrfToken->handle(Object(Illuminate\Http\Request), Object(Closure))
#28 /Users/jonyfernandoschulz/workspace/imovelsp/local/vendor/laravel/framework/src/Illuminate/View/Middleware/ShareErrorsFromSession.php(55): Illuminate\Pipeline\Pipeline->Illuminate\Pipeline\{closure}(Object(Illuminate\Http\Request))
#29 /Users/jonyfernandoschulz/workspace/imovelsp/local/vendor/laravel/framework/src/Illuminate/Pipeline/Pipeline.php(125): Illuminate\View\Middleware\ShareErrorsFromSession->handle(Object(Illuminate\Http\Request), Object(Closure))
#30 /Users/jonyfernandoschulz/workspace/imovelsp/local/vendor/laravel/framework/src/Illuminate/Session/Middleware/StartSession.php(61): Illuminate\Pipeline\Pipeline->Illuminate\Pipeline\{closure}(Object(Illuminate\Http\Request))
#31 /Users/jonyfernandoschulz/workspace/imovelsp/local/vendor/laravel/framework/src/Illuminate/Pipeline/Pipeline.php(125): Illuminate\Session\Middleware\StartSession->handle(Object(Illuminate\Http\Request), Object(Closure))
#32 /Users/jonyfernandoschulz/workspace/imovelsp/local/vendor/laravel/framework/src/Illuminate/Cookie/Middleware/AddQueuedCookiesToResponse.php(36): Illuminate\Pipeline\Pipeline->Illuminate\Pipeline\{closure}(Object(Illuminate\Http\Request))
#33 /Users/jonyfernandoschulz/workspace/imovelsp/local/vendor/laravel/framework/src/Illuminate/Pipeline/Pipeline.php(125): Illuminate\Cookie\Middleware\AddQueuedCookiesToResponse->handle(Object(Illuminate\Http\Request), Object(Closure))
#34 /Users/jonyfernandoschulz/workspace/imovelsp/local/vendor/laravel/framework/src/Illuminate/Cookie/Middleware/EncryptCookies.php(40): Illuminate\Pipeline\Pipeline->Illuminate\Pipeline\{closure}(Object(Illuminate\Http\Request))
#35 /Users/jonyfernandoschulz/workspace/imovelsp/local/vendor/laravel/framework/src/Illuminate/Pipeline/Pipeline.php(125): Illuminate\Cookie\Middleware\EncryptCookies->handle(Object(Illuminate\Http\Request), Object(Closure))
#36 /Users/jonyfernandoschulz/workspace/imovelsp/local/vendor/laravel/framework/src/Illuminate/Foundation/Http/Middleware/CheckForMaintenanceMode.php(42): Illuminate\Pipeline\Pipeline->Illuminate\Pipeline\{closure}(Object(Illuminate\Http\Request))
#37 /Users/jonyfernandoschulz/workspace/imovelsp/local/vendor/laravel/framework/src/Illuminate/Pipeline/Pipeline.php(125): Illuminate\Foundation\Http\Middleware\CheckForMaintenanceMode->handle(Object(Illuminate\Http\Request), Object(Closure))
#38 [internal function]: Illuminate\Pipeline\Pipeline->Illuminate\Pipeline\{closure}(Object(Illuminate\Http\Request))
#39 /Users/jonyfernandoschulz/workspace/imovelsp/local/vendor/laravel/framework/src/Illuminate/Pipeline/Pipeline.php(101): call_user_func(Object(Closure), Object(Illuminate\Http\Request))
#40 /Users/jonyfernandoschulz/workspace/imovelsp/local/vendor/laravel/framework/src/Illuminate/Foundation/Http/Kernel.php(115): Illuminate\Pipeline\Pipeline->then(Object(Closure))
#41 /Users/jonyfernandoschulz/workspace/imovelsp/local/vendor/laravel/framework/src/Illuminate/Foundation/Http/Kernel.php(84): Illuminate\Foundation\Http\Kernel->sendRequestThroughRouter(Object(Illuminate\Http\Request))
#42 /Users/jonyfernandoschulz/workspace/imovelsp/index.php(53): Illuminate\Foundation\Http\Kernel->handle(Object(Illuminate\Http\Request))
#43 {main}  
[2015-04-26 23:26:49] local.ERROR: exception 'ErrorException' with message 'Creating default object from empty value' in /Users/jonyfernandoschulz/workspace/imovelsp/local/app/Http/Repositories/MediaRepository.php:33
Stack trace:
#0 /Users/jonyfernandoschulz/workspace/imovelsp/local/app/Http/Repositories/MediaRepository.php(33): Illuminate\Foundation\Bootstrap\HandleExceptions->handleError(2, 'Creating defaul...', '/Users/jonyfern...', 33, Array)
#1 /Users/jonyfernandoschulz/workspace/imovelsp/local/app/Http/Controllers/MediaController.php(34): App\Http\Repositories\MediaRepository->createOrUpdate(Object(App\MediaDTO))
#2 [internal function]: App\Http\Controllers\MediaController->index()
#3 /Users/jonyfernandoschulz/workspace/imovelsp/local/vendor/laravel/framework/src/Illuminate/Routing/Controller.php(246): call_user_func_array(Array, Array)
#4 /Users/jonyfernandoschulz/workspace/imovelsp/local/vendor/laravel/framework/src/Illuminate/Routing/ControllerDispatcher.php(162): Illuminate\Routing\Controller->callAction('index', Array)
#5 /Users/jonyfernandoschulz/workspace/imovelsp/local/vendor/laravel/framework/src/Illuminate/Routing/ControllerDispatcher.php(107): Illuminate\Routing\ControllerDispatcher->call(Object(App\Http\Controllers\MediaController), Object(Illuminate\Routing\Route), 'index')
#6 [internal function]: Illuminate\Routing\ControllerDispatcher->Illuminate\Routing\{closure}(Object(Illuminate\Http\Request))
#7 /Users/jonyfernandoschulz/workspace/imovelsp/local/vendor/laravel/framework/src/Illuminate/Pipeline/Pipeline.php(141): call_user_func(Object(Closure), Object(Illuminate\Http\Request))
#8 [internal function]: Illuminate\Pipeline\Pipeline->Illuminate\Pipeline\{closure}(Object(Illuminate\Http\Request))
#9 /Users/jonyfernandoschulz/workspace/imovelsp/local/vendor/laravel/framework/src/Illuminate/Pipeline/Pipeline.php(101): call_user_func(Object(Closure), Object(Illuminate\Http\Request))
#10 /Users/jonyfernandoschulz/workspace/imovelsp/local/vendor/laravel/framework/src/Illuminate/Routing/ControllerDispatcher.php(108): Illuminate\Pipeline\Pipeline->then(Object(Closure))
#11 /Users/jonyfernandoschulz/workspace/imovelsp/local/vendor/laravel/framework/src/Illuminate/Routing/ControllerDispatcher.php(67): Illuminate\Routing\ControllerDispatcher->callWithinStack(Object(App\Http\Controllers\MediaController), Object(Illuminate\Routing\Route), Object(Illuminate\Http\Request), 'index')
#12 /Users/jonyfernandoschulz/workspace/imovelsp/local/vendor/laravel/framework/src/Illuminate/Routing/Route.php(198): Illuminate\Routing\ControllerDispatcher->dispatch(Object(Illuminate\Routing\Route), Object(Illuminate\Http\Request), 'App\\Http\\Contro...', 'index')
#13 /Users/jonyfernandoschulz/workspace/imovelsp/local/vendor/laravel/framework/src/Illuminate/Routing/Route.php(131): Illuminate\Routing\Route->runWithCustomDispatcher(Object(Illuminate\Http\Request))
#14 /Users/jonyfernandoschulz/workspace/imovelsp/local/vendor/laravel/framework/src/Illuminate/Routing/Router.php(692): Illuminate\Routing\Route->run(Object(Illuminate\Http\Request))
#15 [internal function]: Illuminate\Routing\Router->Illuminate\Routing\{closure}(Object(Illuminate\Http\Request))
#16 /Users/jonyfernandoschulz/workspace/imovelsp/local/vendor/laravel/framework/src/Illuminate/Pipeline/Pipeline.php(141): call_user_func(Object(Closure), Object(Illuminate\Http\Request))
#17 [internal function]: Illuminate\Pipeline\Pipeline->Illuminate\Pipeline\{closure}(Object(Illuminate\Http\Request))
#18 /Users/jonyfernandoschulz/workspace/imovelsp/local/vendor/laravel/framework/src/Illuminate/Pipeline/Pipeline.php(101): call_user_func(Object(Closure), Object(Illuminate\Http\Request))
#19 /Users/jonyfernandoschulz/workspace/imovelsp/local/vendor/laravel/framework/src/Illuminate/Routing/Router.php(694): Illuminate\Pipeline\Pipeline->then(Object(Closure))
#20 /Users/jonyfernandoschulz/workspace/imovelsp/local/vendor/laravel/framework/src/Illuminate/Routing/Router.php(661): Illuminate\Routing\Router->runRouteWithinStack(Object(Illuminate\Routing\Route), Object(Illuminate\Http\Request))
#21 /Users/jonyfernandoschulz/workspace/imovelsp/local/vendor/laravel/framework/src/Illuminate/Routing/Router.php(619): Illuminate\Routing\Router->dispatchToRoute(Object(Illuminate\Http\Request))
#22 /Users/jonyfernandoschulz/workspace/imovelsp/local/vendor/laravel/framework/src/Illuminate/Foundation/Http/Kernel.php(214): Illuminate\Routing\Router->dispatch(Object(Illuminate\Http\Request))
#23 [internal function]: Illuminate\Foundation\Http\Kernel->Illuminate\Foundation\Http\{closure}(Object(Illuminate\Http\Request))
#24 /Users/jonyfernandoschulz/workspace/imovelsp/local/vendor/laravel/framework/src/Illuminate/Pipeline/Pipeline.php(141): call_user_func(Object(Closure), Object(Illuminate\Http\Request))
#25 /Users/jonyfernandoschulz/workspace/imovelsp/local/vendor/laravel/framework/src/Illuminate/Foundation/Http/Middleware/VerifyCsrfToken.php(43): Illuminate\Pipeline\Pipeline->Illuminate\Pipeline\{closure}(Object(Illuminate\Http\Request))
#26 /Users/jonyfernandoschulz/workspace/imovelsp/local/app/Http/Middleware/VerifyCsrfToken.php(17): Illuminate\Foundation\Http\Middleware\VerifyCsrfToken->handle(Object(Illuminate\Http\Request), Object(Closure))
#27 /Users/jonyfernandoschulz/workspace/imovelsp/local/vendor/laravel/framework/src/Illuminate/Pipeline/Pipeline.php(125): App\Http\Middleware\VerifyCsrfToken->handle(Object(Illuminate\Http\Request), Object(Closure))
#28 /Users/jonyfernandoschulz/workspace/imovelsp/local/vendor/laravel/framework/src/Illuminate/View/Middleware/ShareErrorsFromSession.php(55): Illuminate\Pipeline\Pipeline->Illuminate\Pipeline\{closure}(Object(Illuminate\Http\Request))
#29 /Users/jonyfernandoschulz/workspace/imovelsp/local/vendor/laravel/framework/src/Illuminate/Pipeline/Pipeline.php(125): Illuminate\View\Middleware\ShareErrorsFromSession->handle(Object(Illuminate\Http\Request), Object(Closure))
#30 /Users/jonyfernandoschulz/workspace/imovelsp/local/vendor/laravel/framework/src/Illuminate/Session/Middleware/StartSession.php(61): Illuminate\Pipeline\Pipeline->Illuminate\Pipeline\{closure}(Object(Illuminate\Http\Request))
#31 /Users/jonyfernandoschulz/workspace/imovelsp/local/vendor/laravel/framework/src/Illuminate/Pipeline/Pipeline.php(125): Illuminate\Session\Middleware\StartSession->handle(Object(Illuminate\Http\Request), Object(Closure))
#32 /Users/jonyfernandoschulz/workspace/imovelsp/local/vendor/laravel/framework/src/Illuminate/Cookie/Middleware/AddQueuedCookiesToResponse.php(36): Illuminate\Pipeline\Pipeline->Illuminate\Pipeline\{closure}(Object(Illuminate\Http\Request))
#33 /Users/jonyfernandoschulz/workspace/imovelsp/local/vendor/laravel/framework/src/Illuminate/Pipeline/Pipeline.php(125): Illuminate\Cookie\Middleware\AddQueuedCookiesToResponse->handle(Object(Illuminate\Http\Request), Object(Closure))
#34 /Users/jonyfernandoschulz/workspace/imovelsp/local/vendor/laravel/framework/src/Illuminate/Cookie/Middleware/EncryptCookies.php(40): Illuminate\Pipeline\Pipeline->Illuminate\Pipeline\{closure}(Object(Illuminate\Http\Request))
#35 /Users/jonyfernandoschulz/workspace/imovelsp/local/vendor/laravel/framework/src/Illuminate/Pipeline/Pipeline.php(125): Illuminate\Cookie\Middleware\EncryptCookies->handle(Object(Illuminate\Http\Request), Object(Closure))
#36 /Users/jonyfernandoschulz/workspace/imovelsp/local/vendor/laravel/framework/src/Illuminate/Foundation/Http/Middleware/CheckForMaintenanceMode.php(42): Illuminate\Pipeline\Pipeline->Illuminate\Pipeline\{closure}(Object(Illuminate\Http\Request))
#37 /Users/jonyfernandoschulz/workspace/imovelsp/local/vendor/laravel/framework/src/Illuminate/Pipeline/Pipeline.php(125): Illuminate\Foundation\Http\Middleware\CheckForMaintenanceMode->handle(Object(Illuminate\Http\Request), Object(Closure))
#38 [internal function]: Illuminate\Pipeline\Pipeline->Illuminate\Pipeline\{closure}(Object(Illuminate\Http\Request))
#39 /Users/jonyfernandoschulz/workspace/imovelsp/local/vendor/laravel/framework/src/Illuminate/Pipeline/Pipeline.php(101): call_user_func(Object(Closure), Object(Illuminate\Http\Request))
#40 /Users/jonyfernandoschulz/workspace/imovelsp/local/vendor/laravel/framework/src/Illuminate/Foundation/Http/Kernel.php(115): Illuminate\Pipeline\Pipeline->then(Object(Closure))
#41 /Users/jonyfernandoschulz/workspace/imovelsp/local/vendor/laravel/framework/src/Illuminate/Foundation/Http/Kernel.php(84): Illuminate\Foundation\Http\Kernel->sendRequestThroughRouter(Object(Illuminate\Http\Request))
#42 /Users/jonyfernandoschulz/workspace/imovelsp/index.php(53): Illuminate\Foundation\Http\Kernel->handle(Object(Illuminate\Http\Request))
#43 {main}  
[2015-04-26 23:28:21] local.ERROR: exception 'ErrorException' with message 'Object of class App\MediaDTO could not be converted to string' in /Users/jonyfernandoschulz/workspace/imovelsp/local/app/Http/Repositories/MediaRepository.php:34
Stack trace:
#0 /Users/jonyfernandoschulz/workspace/imovelsp/local/app/Http/Repositories/MediaRepository.php(34): Illuminate\Foundation\Bootstrap\HandleExceptions->handleError(4096, 'Object of class...', '/Users/jonyfern...', 34, Array)
#1 /Users/jonyfernandoschulz/workspace/imovelsp/local/app/Http/Controllers/MediaController.php(34): App\Http\Repositories\MediaRepository->createOrUpdate(Object(App\MediaDTO))
#2 [internal function]: App\Http\Controllers\MediaController->index()
#3 /Users/jonyfernandoschulz/workspace/imovelsp/local/vendor/laravel/framework/src/Illuminate/Routing/Controller.php(246): call_user_func_array(Array, Array)
#4 /Users/jonyfernandoschulz/workspace/imovelsp/local/vendor/laravel/framework/src/Illuminate/Routing/ControllerDispatcher.php(162): Illuminate\Routing\Controller->callAction('index', Array)
#5 /Users/jonyfernandoschulz/workspace/imovelsp/local/vendor/laravel/framework/src/Illuminate/Routing/ControllerDispatcher.php(107): Illuminate\Routing\ControllerDispatcher->call(Object(App\Http\Controllers\MediaController), Object(Illuminate\Routing\Route), 'index')
#6 [internal function]: Illuminate\Routing\ControllerDispatcher->Illuminate\Routing\{closure}(Object(Illuminate\Http\Request))
#7 /Users/jonyfernandoschulz/workspace/imovelsp/local/vendor/laravel/framework/src/Illuminate/Pipeline/Pipeline.php(141): call_user_func(Object(Closure), Object(Illuminate\Http\Request))
#8 [internal function]: Illuminate\Pipeline\Pipeline->Illuminate\Pipeline\{closure}(Object(Illuminate\Http\Request))
#9 /Users/jonyfernandoschulz/workspace/imovelsp/local/vendor/laravel/framework/src/Illuminate/Pipeline/Pipeline.php(101): call_user_func(Object(Closure), Object(Illuminate\Http\Request))
#10 /Users/jonyfernandoschulz/workspace/imovelsp/local/vendor/laravel/framework/src/Illuminate/Routing/ControllerDispatcher.php(108): Illuminate\Pipeline\Pipeline->then(Object(Closure))
#11 /Users/jonyfernandoschulz/workspace/imovelsp/local/vendor/laravel/framework/src/Illuminate/Routing/ControllerDispatcher.php(67): Illuminate\Routing\ControllerDispatcher->callWithinStack(Object(App\Http\Controllers\MediaController), Object(Illuminate\Routing\Route), Object(Illuminate\Http\Request), 'index')
#12 /Users/jonyfernandoschulz/workspace/imovelsp/local/vendor/laravel/framework/src/Illuminate/Routing/Route.php(198): Illuminate\Routing\ControllerDispatcher->dispatch(Object(Illuminate\Routing\Route), Object(Illuminate\Http\Request), 'App\\Http\\Contro...', 'index')
#13 /Users/jonyfernandoschulz/workspace/imovelsp/local/vendor/laravel/framework/src/Illuminate/Routing/Route.php(131): Illuminate\Routing\Route->runWithCustomDispatcher(Object(Illuminate\Http\Request))
#14 /Users/jonyfernandoschulz/workspace/imovelsp/local/vendor/laravel/framework/src/Illuminate/Routing/Router.php(692): Illuminate\Routing\Route->run(Object(Illuminate\Http\Request))
#15 [internal function]: Illuminate\Routing\Router->Illuminate\Routing\{closure}(Object(Illuminate\Http\Request))
#16 /Users/jonyfernandoschulz/workspace/imovelsp/local/vendor/laravel/framework/src/Illuminate/Pipeline/Pipeline.php(141): call_user_func(Object(Closure), Object(Illuminate\Http\Request))
#17 [internal function]: Illuminate\Pipeline\Pipeline->Illuminate\Pipeline\{closure}(Object(Illuminate\Http\Request))
#18 /Users/jonyfernandoschulz/workspace/imovelsp/local/vendor/laravel/framework/src/Illuminate/Pipeline/Pipeline.php(101): call_user_func(Object(Closure), Object(Illuminate\Http\Request))
#19 /Users/jonyfernandoschulz/workspace/imovelsp/local/vendor/laravel/framework/src/Illuminate/Routing/Router.php(694): Illuminate\Pipeline\Pipeline->then(Object(Closure))
#20 /Users/jonyfernandoschulz/workspace/imovelsp/local/vendor/laravel/framework/src/Illuminate/Routing/Router.php(661): Illuminate\Routing\Router->runRouteWithinStack(Object(Illuminate\Routing\Route), Object(Illuminate\Http\Request))
#21 /Users/jonyfernandoschulz/workspace/imovelsp/local/vendor/laravel/framework/src/Illuminate/Routing/Router.php(619): Illuminate\Routing\Router->dispatchToRoute(Object(Illuminate\Http\Request))
#22 /Users/jonyfernandoschulz/workspace/imovelsp/local/vendor/laravel/framework/src/Illuminate/Foundation/Http/Kernel.php(214): Illuminate\Routing\Router->dispatch(Object(Illuminate\Http\Request))
#23 [internal function]: Illuminate\Foundation\Http\Kernel->Illuminate\Foundation\Http\{closure}(Object(Illuminate\Http\Request))
#24 /Users/jonyfernandoschulz/workspace/imovelsp/local/vendor/laravel/framework/src/Illuminate/Pipeline/Pipeline.php(141): call_user_func(Object(Closure), Object(Illuminate\Http\Request))
#25 /Users/jonyfernandoschulz/workspace/imovelsp/local/vendor/laravel/framework/src/Illuminate/Foundation/Http/Middleware/VerifyCsrfToken.php(43): Illuminate\Pipeline\Pipeline->Illuminate\Pipeline\{closure}(Object(Illuminate\Http\Request))
#26 /Users/jonyfernandoschulz/workspace/imovelsp/local/app/Http/Middleware/VerifyCsrfToken.php(17): Illuminate\Foundation\Http\Middleware\VerifyCsrfToken->handle(Object(Illuminate\Http\Request), Object(Closure))
#27 /Users/jonyfernandoschulz/workspace/imovelsp/local/vendor/laravel/framework/src/Illuminate/Pipeline/Pipeline.php(125): App\Http\Middleware\VerifyCsrfToken->handle(Object(Illuminate\Http\Request), Object(Closure))
#28 /Users/jonyfernandoschulz/workspace/imovelsp/local/vendor/laravel/framework/src/Illuminate/View/Middleware/ShareErrorsFromSession.php(55): Illuminate\Pipeline\Pipeline->Illuminate\Pipeline\{closure}(Object(Illuminate\Http\Request))
#29 /Users/jonyfernandoschulz/workspace/imovelsp/local/vendor/laravel/framework/src/Illuminate/Pipeline/Pipeline.php(125): Illuminate\View\Middleware\ShareErrorsFromSession->handle(Object(Illuminate\Http\Request), Object(Closure))
#30 /Users/jonyfernandoschulz/workspace/imovelsp/local/vendor/laravel/framework/src/Illuminate/Session/Middleware/StartSession.php(61): Illuminate\Pipeline\Pipeline->Illuminate\Pipeline\{closure}(Object(Illuminate\Http\Request))
#31 /Users/jonyfernandoschulz/workspace/imovelsp/local/vendor/laravel/framework/src/Illuminate/Pipeline/Pipeline.php(125): Illuminate\Session\Middleware\StartSession->handle(Object(Illuminate\Http\Request), Object(Closure))
#32 /Users/jonyfernandoschulz/workspace/imovelsp/local/vendor/laravel/framework/src/Illuminate/Cookie/Middleware/AddQueuedCookiesToResponse.php(36): Illuminate\Pipeline\Pipeline->Illuminate\Pipeline\{closure}(Object(Illuminate\Http\Request))
#33 /Users/jonyfernandoschulz/workspace/imovelsp/local/vendor/laravel/framework/src/Illuminate/Pipeline/Pipeline.php(125): Illuminate\Cookie\Middleware\AddQueuedCookiesToResponse->handle(Object(Illuminate\Http\Request), Object(Closure))
#34 /Users/jonyfernandoschulz/workspace/imovelsp/local/vendor/laravel/framework/src/Illuminate/Cookie/Middleware/EncryptCookies.php(40): Illuminate\Pipeline\Pipeline->Illuminate\Pipeline\{closure}(Object(Illuminate\Http\Request))
#35 /Users/jonyfernandoschulz/workspace/imovelsp/local/vendor/laravel/framework/src/Illuminate/Pipeline/Pipeline.php(125): Illuminate\Cookie\Middleware\EncryptCookies->handle(Object(Illuminate\Http\Request), Object(Closure))
#36 /Users/jonyfernandoschulz/workspace/imovelsp/local/vendor/laravel/framework/src/Illuminate/Foundation/Http/Middleware/CheckForMaintenanceMode.php(42): Illuminate\Pipeline\Pipeline->Illuminate\Pipeline\{closure}(Object(Illuminate\Http\Request))
#37 /Users/jonyfernandoschulz/workspace/imovelsp/local/vendor/laravel/framework/src/Illuminate/Pipeline/Pipeline.php(125): Illuminate\Foundation\Http\Middleware\CheckForMaintenanceMode->handle(Object(Illuminate\Http\Request), Object(Closure))
#38 [internal function]: Illuminate\Pipeline\Pipeline->Illuminate\Pipeline\{closure}(Object(Illuminate\Http\Request))
#39 /Users/jonyfernandoschulz/workspace/imovelsp/local/vendor/laravel/framework/src/Illuminate/Pipeline/Pipeline.php(101): call_user_func(Object(Closure), Object(Illuminate\Http\Request))
#40 /Users/jonyfernandoschulz/workspace/imovelsp/local/vendor/laravel/framework/src/Illuminate/Foundation/Http/Kernel.php(115): Illuminate\Pipeline\Pipeline->then(Object(Closure))
#41 /Users/jonyfernandoschulz/workspace/imovelsp/local/vendor/laravel/framework/src/Illuminate/Foundation/Http/Kernel.php(84): Illuminate\Foundation\Http\Kernel->sendRequestThroughRouter(Object(Illuminate\Http\Request))
#42 /Users/jonyfernandoschulz/workspace/imovelsp/index.php(53): Illuminate\Foundation\Http\Kernel->handle(Object(Illuminate\Http\Request))
#43 {main}  
[2015-04-26 23:33:47] local.ERROR: exception 'ErrorException' with message 'Trying to get property of non-object' in /Users/jonyfernandoschulz/workspace/imovelsp/local/app/Http/Repositories/MediaRepository.php:29
Stack trace:
#0 /Users/jonyfernandoschulz/workspace/imovelsp/local/app/Http/Repositories/MediaRepository.php(29): Illuminate\Foundation\Bootstrap\HandleExceptions->handleError(8, 'Trying to get p...', '/Users/jonyfern...', 29, Array)
#1 /Users/jonyfernandoschulz/workspace/imovelsp/local/app/Http/Controllers/MediaController.php(34): App\Http\Repositories\MediaRepository->createOrUpdate(Object(App\MediaDTO))
#2 [internal function]: App\Http\Controllers\MediaController->index()
#3 /Users/jonyfernandoschulz/workspace/imovelsp/local/vendor/laravel/framework/src/Illuminate/Routing/Controller.php(246): call_user_func_array(Array, Array)
#4 /Users/jonyfernandoschulz/workspace/imovelsp/local/vendor/laravel/framework/src/Illuminate/Routing/ControllerDispatcher.php(162): Illuminate\Routing\Controller->callAction('index', Array)
#5 /Users/jonyfernandoschulz/workspace/imovelsp/local/vendor/laravel/framework/src/Illuminate/Routing/ControllerDispatcher.php(107): Illuminate\Routing\ControllerDispatcher->call(Object(App\Http\Controllers\MediaController), Object(Illuminate\Routing\Route), 'index')
#6 [internal function]: Illuminate\Routing\ControllerDispatcher->Illuminate\Routing\{closure}(Object(Illuminate\Http\Request))
#7 /Users/jonyfernandoschulz/workspace/imovelsp/local/vendor/laravel/framework/src/Illuminate/Pipeline/Pipeline.php(141): call_user_func(Object(Closure), Object(Illuminate\Http\Request))
#8 [internal function]: Illuminate\Pipeline\Pipeline->Illuminate\Pipeline\{closure}(Object(Illuminate\Http\Request))
#9 /Users/jonyfernandoschulz/workspace/imovelsp/local/vendor/laravel/framework/src/Illuminate/Pipeline/Pipeline.php(101): call_user_func(Object(Closure), Object(Illuminate\Http\Request))
#10 /Users/jonyfernandoschulz/workspace/imovelsp/local/vendor/laravel/framework/src/Illuminate/Routing/ControllerDispatcher.php(108): Illuminate\Pipeline\Pipeline->then(Object(Closure))
#11 /Users/jonyfernandoschulz/workspace/imovelsp/local/vendor/laravel/framework/src/Illuminate/Routing/ControllerDispatcher.php(67): Illuminate\Routing\ControllerDispatcher->callWithinStack(Object(App\Http\Controllers\MediaController), Object(Illuminate\Routing\Route), Object(Illuminate\Http\Request), 'index')
#12 /Users/jonyfernandoschulz/workspace/imovelsp/local/vendor/laravel/framework/src/Illuminate/Routing/Route.php(198): Illuminate\Routing\ControllerDispatcher->dispatch(Object(Illuminate\Routing\Route), Object(Illuminate\Http\Request), 'App\\Http\\Contro...', 'index')
#13 /Users/jonyfernandoschulz/workspace/imovelsp/local/vendor/laravel/framework/src/Illuminate/Routing/Route.php(131): Illuminate\Routing\Route->runWithCustomDispatcher(Object(Illuminate\Http\Request))
#14 /Users/jonyfernandoschulz/workspace/imovelsp/local/vendor/laravel/framework/src/Illuminate/Routing/Router.php(692): Illuminate\Routing\Route->run(Object(Illuminate\Http\Request))
#15 [internal function]: Illuminate\Routing\Router->Illuminate\Routing\{closure}(Object(Illuminate\Http\Request))
#16 /Users/jonyfernandoschulz/workspace/imovelsp/local/vendor/laravel/framework/src/Illuminate/Pipeline/Pipeline.php(141): call_user_func(Object(Closure), Object(Illuminate\Http\Request))
#17 [internal function]: Illuminate\Pipeline\Pipeline->Illuminate\Pipeline\{closure}(Object(Illuminate\Http\Request))
#18 /Users/jonyfernandoschulz/workspace/imovelsp/local/vendor/laravel/framework/src/Illuminate/Pipeline/Pipeline.php(101): call_user_func(Object(Closure), Object(Illuminate\Http\Request))
#19 /Users/jonyfernandoschulz/workspace/imovelsp/local/vendor/laravel/framework/src/Illuminate/Routing/Router.php(694): Illuminate\Pipeline\Pipeline->then(Object(Closure))
#20 /Users/jonyfernandoschulz/workspace/imovelsp/local/vendor/laravel/framework/src/Illuminate/Routing/Router.php(661): Illuminate\Routing\Router->runRouteWithinStack(Object(Illuminate\Routing\Route), Object(Illuminate\Http\Request))
#21 /Users/jonyfernandoschulz/workspace/imovelsp/local/vendor/laravel/framework/src/Illuminate/Routing/Router.php(619): Illuminate\Routing\Router->dispatchToRoute(Object(Illuminate\Http\Request))
#22 /Users/jonyfernandoschulz/workspace/imovelsp/local/vendor/laravel/framework/src/Illuminate/Foundation/Http/Kernel.php(214): Illuminate\Routing\Router->dispatch(Object(Illuminate\Http\Request))
#23 [internal function]: Illuminate\Foundation\Http\Kernel->Illuminate\Foundation\Http\{closure}(Object(Illuminate\Http\Request))
#24 /Users/jonyfernandoschulz/workspace/imovelsp/local/vendor/laravel/framework/src/Illuminate/Pipeline/Pipeline.php(141): call_user_func(Object(Closure), Object(Illuminate\Http\Request))
#25 /Users/jonyfernandoschulz/workspace/imovelsp/local/vendor/laravel/framework/src/Illuminate/Foundation/Http/Middleware/VerifyCsrfToken.php(43): Illuminate\Pipeline\Pipeline->Illuminate\Pipeline\{closure}(Object(Illuminate\Http\Request))
#26 /Users/jonyfernandoschulz/workspace/imovelsp/local/app/Http/Middleware/VerifyCsrfToken.php(17): Illuminate\Foundation\Http\Middleware\VerifyCsrfToken->handle(Object(Illuminate\Http\Request), Object(Closure))
#27 /Users/jonyfernandoschulz/workspace/imovelsp/local/vendor/laravel/framework/src/Illuminate/Pipeline/Pipeline.php(125): App\Http\Middleware\VerifyCsrfToken->handle(Object(Illuminate\Http\Request), Object(Closure))
#28 /Users/jonyfernandoschulz/workspace/imovelsp/local/vendor/laravel/framework/src/Illuminate/View/Middleware/ShareErrorsFromSession.php(55): Illuminate\Pipeline\Pipeline->Illuminate\Pipeline\{closure}(Object(Illuminate\Http\Request))
#29 /Users/jonyfernandoschulz/workspace/imovelsp/local/vendor/laravel/framework/src/Illuminate/Pipeline/Pipeline.php(125): Illuminate\View\Middleware\ShareErrorsFromSession->handle(Object(Illuminate\Http\Request), Object(Closure))
#30 /Users/jonyfernandoschulz/workspace/imovelsp/local/vendor/laravel/framework/src/Illuminate/Session/Middleware/StartSession.php(61): Illuminate\Pipeline\Pipeline->Illuminate\Pipeline\{closure}(Object(Illuminate\Http\Request))
#31 /Users/jonyfernandoschulz/workspace/imovelsp/local/vendor/laravel/framework/src/Illuminate/Pipeline/Pipeline.php(125): Illuminate\Session\Middleware\StartSession->handle(Object(Illuminate\Http\Request), Object(Closure))
#32 /Users/jonyfernandoschulz/workspace/imovelsp/local/vendor/laravel/framework/src/Illuminate/Cookie/Middleware/AddQueuedCookiesToResponse.php(36): Illuminate\Pipeline\Pipeline->Illuminate\Pipeline\{closure}(Object(Illuminate\Http\Request))
#33 /Users/jonyfernandoschulz/workspace/imovelsp/local/vendor/laravel/framework/src/Illuminate/Pipeline/Pipeline.php(125): Illuminate\Cookie\Middleware\AddQueuedCookiesToResponse->handle(Object(Illuminate\Http\Request), Object(Closure))
#34 /Users/jonyfernandoschulz/workspace/imovelsp/local/vendor/laravel/framework/src/Illuminate/Cookie/Middleware/EncryptCookies.php(40): Illuminate\Pipeline\Pipeline->Illuminate\Pipeline\{closure}(Object(Illuminate\Http\Request))
#35 /Users/jonyfernandoschulz/workspace/imovelsp/local/vendor/laravel/framework/src/Illuminate/Pipeline/Pipeline.php(125): Illuminate\Cookie\Middleware\EncryptCookies->handle(Object(Illuminate\Http\Request), Object(Closure))
#36 /Users/jonyfernandoschulz/workspace/imovelsp/local/vendor/laravel/framework/src/Illuminate/Foundation/Http/Middleware/CheckForMaintenanceMode.php(42): Illuminate\Pipeline\Pipeline->Illuminate\Pipeline\{closure}(Object(Illuminate\Http\Request))
#37 /Users/jonyfernandoschulz/workspace/imovelsp/local/vendor/laravel/framework/src/Illuminate/Pipeline/Pipeline.php(125): Illuminate\Foundation\Http\Middleware\CheckForMaintenanceMode->handle(Object(Illuminate\Http\Request), Object(Closure))
#38 [internal function]: Illuminate\Pipeline\Pipeline->Illuminate\Pipeline\{closure}(Object(Illuminate\Http\Request))
#39 /Users/jonyfernandoschulz/workspace/imovelsp/local/vendor/laravel/framework/src/Illuminate/Pipeline/Pipeline.php(101): call_user_func(Object(Closure), Object(Illuminate\Http\Request))
#40 /Users/jonyfernandoschulz/workspace/imovelsp/local/vendor/laravel/framework/src/Illuminate/Foundation/Http/Kernel.php(115): Illuminate\Pipeline\Pipeline->then(Object(Closure))
#41 /Users/jonyfernandoschulz/workspace/imovelsp/local/vendor/laravel/framework/src/Illuminate/Foundation/Http/Kernel.php(84): Illuminate\Foundation\Http\Kernel->sendRequestThroughRouter(Object(Illuminate\Http\Request))
#42 /Users/jonyfernandoschulz/workspace/imovelsp/index.php(53): Illuminate\Foundation\Http\Kernel->handle(Object(Illuminate\Http\Request))
#43 {main}  
[2015-04-26 23:35:37] local.ERROR: exception 'Symfony\Component\Debug\Exception\FatalErrorException' with message 'Call to undefined function App\Http\Repositories\media()' in /Users/jonyfernandoschulz/workspace/imovelsp/local/app/Http/Repositories/MediaRepository.php:29
Stack trace:
#0 /Users/jonyfernandoschulz/workspace/imovelsp/local/vendor/laravel/framework/src/Illuminate/Foundation/Bootstrap/HandleExceptions.php(131): Symfony\Component\Debug\Exception\FatalErrorException->__construct()
#1 /Users/jonyfernandoschulz/workspace/imovelsp/local/vendor/laravel/framework/src/Illuminate/Foundation/Bootstrap/HandleExceptions.php(116): Illuminate\Foundation\Bootstrap\HandleExceptions->fatalExceptionFromError()
#2 /Users/jonyfernandoschulz/workspace/imovelsp/local/vendor/laravel/framework/src/Illuminate/Foundation/Bootstrap/HandleExceptions.php(0): Illuminate\Foundation\Bootstrap\HandleExceptions->handleShutdown()
#3 /Users/jonyfernandoschulz/workspace/imovelsp/local/app/Http/Controllers/MediaController.php(34): App\Http\Repositories\MediaRepository->createOrUpdate()
#4 /Users/jonyfernandoschulz/workspace/imovelsp/local/vendor/laravel/framework/src/Illuminate/Routing/Controller.php(246): App\Http\Controllers\MediaController->index()
#5 /Users/jonyfernandoschulz/workspace/imovelsp/local/vendor/laravel/framework/src/Illuminate/Routing/Controller.php(246): call_user_func_array:{/Users/jonyfernandoschulz/workspace/imovelsp/local/vendor/laravel/framework/src/Illuminate/Routing/Controller.php:246}()
#6 /Users/jonyfernandoschulz/workspace/imovelsp/local/vendor/laravel/framework/src/Illuminate/Routing/ControllerDispatcher.php(162): Illuminate\Routing\Controller->callAction()
#7 /Users/jonyfernandoschulz/workspace/imovelsp/local/vendor/laravel/framework/src/Illuminate/Routing/ControllerDispatcher.php(107): Illuminate\Routing\ControllerDispatcher->call()
#8 /Users/jonyfernandoschulz/workspace/imovelsp/local/vendor/laravel/framework/src/Illuminate/Pipeline/Pipeline.php(141): Illuminate\Routing\ControllerDispatcher->Illuminate\Routing\{closure}()
#9 /Users/jonyfernandoschulz/workspace/imovelsp/local/vendor/laravel/framework/src/Illuminate/Pipeline/Pipeline.php(141): call_user_func:{/Users/jonyfernandoschulz/workspace/imovelsp/local/vendor/laravel/framework/src/Illuminate/Pipeline/Pipeline.php:141}()
#10 /Users/jonyfernandoschulz/workspace/imovelsp/local/vendor/laravel/framework/src/Illuminate/Pipeline/Pipeline.php(101): Illuminate\Pipeline\Pipeline->Illuminate\Pipeline\{closure}()
#11 /Users/jonyfernandoschulz/workspace/imovelsp/local/vendor/laravel/framework/src/Illuminate/Pipeline/Pipeline.php(101): call_user_func:{/Users/jonyfernandoschulz/workspace/imovelsp/local/vendor/laravel/framework/src/Illuminate/Pipeline/Pipeline.php:101}()
#12 /Users/jonyfernandoschulz/workspace/imovelsp/local/vendor/laravel/framework/src/Illuminate/Routing/ControllerDispatcher.php(108): Illuminate\Pipeline\Pipeline->then()
#13 /Users/jonyfernandoschulz/workspace/imovelsp/local/vendor/laravel/framework/src/Illuminate/Routing/ControllerDispatcher.php(67): Illuminate\Routing\ControllerDispatcher->callWithinStack()
#14 /Users/jonyfernandoschulz/workspace/imovelsp/local/vendor/laravel/framework/src/Illuminate/Routing/Route.php(198): Illuminate\Routing\ControllerDispatcher->dispatch()
#15 /Users/jonyfernandoschulz/workspace/imovelsp/local/vendor/laravel/framework/src/Illuminate/Routing/Route.php(131): Illuminate\Routing\Route->runWithCustomDispatcher()
#16 /Users/jonyfernandoschulz/workspace/imovelsp/local/vendor/laravel/framework/src/Illuminate/Routing/Router.php(692): Illuminate\Routing\Route->run()
#17 /Users/jonyfernandoschulz/workspace/imovelsp/local/vendor/laravel/framework/src/Illuminate/Pipeline/Pipeline.php(141): Illuminate\Routing\Router->Illuminate\Routing\{closure}()
#18 /Users/jonyfernandoschulz/workspace/imovelsp/local/vendor/laravel/framework/src/Illuminate/Pipeline/Pipeline.php(141): call_user_func:{/Users/jonyfernandoschulz/workspace/imovelsp/local/vendor/laravel/framework/src/Illuminate/Pipeline/Pipeline.php:141}()
#19 /Users/jonyfernandoschulz/workspace/imovelsp/local/vendor/laravel/framework/src/Illuminate/Pipeline/Pipeline.php(101): Illuminate\Pipeline\Pipeline->Illuminate\Pipeline\{closure}()
#20 /Users/jonyfernandoschulz/workspace/imovelsp/local/vendor/laravel/framework/src/Illuminate/Pipeline/Pipeline.php(101): call_user_func:{/Users/jonyfernandoschulz/workspace/imovelsp/local/vendor/laravel/framework/src/Illuminate/Pipeline/Pipeline.php:101}()
#21 /Users/jonyfernandoschulz/workspace/imovelsp/local/vendor/laravel/framework/src/Illuminate/Routing/Router.php(694): Illuminate\Pipeline\Pipeline->then()
#22 /Users/jonyfernandoschulz/workspace/imovelsp/local/vendor/laravel/framework/src/Illuminate/Routing/Router.php(661): Illuminate\Routing\Router->runRouteWithinStack()
#23 /Users/jonyfernandoschulz/workspace/imovelsp/local/vendor/laravel/framework/src/Illuminate/Routing/Router.php(619): Illuminate\Routing\Router->dispatchToRoute()
#24 /Users/jonyfernandoschulz/workspace/imovelsp/local/vendor/laravel/framework/src/Illuminate/Foundation/Http/Kernel.php(214): Illuminate\Routing\Router->dispatch()
#25 /Users/jonyfernandoschulz/workspace/imovelsp/local/vendor/laravel/framework/src/Illuminate/Pipeline/Pipeline.php(141): Illuminate\Foundation\Http\Kernel->Illuminate\Foundation\Http\{closure}()
#26 /Users/jonyfernandoschulz/workspace/imovelsp/local/vendor/laravel/framework/src/Illuminate/Pipeline/Pipeline.php(141): call_user_func:{/Users/jonyfernandoschulz/workspace/imovelsp/local/vendor/laravel/framework/src/Illuminate/Pipeline/Pipeline.php:141}()
#27 /Users/jonyfernandoschulz/workspace/imovelsp/local/vendor/laravel/framework/src/Illuminate/Foundation/Http/Middleware/VerifyCsrfToken.php(43): Illuminate\Pipeline\Pipeline->Illuminate\Pipeline\{closure}()
#28 /Users/jonyfernandoschulz/workspace/imovelsp/local/app/Http/Middleware/VerifyCsrfToken.php(17): Illuminate\Foundation\Http\Middleware\VerifyCsrfToken->handle()
#29 /Users/jonyfernandoschulz/workspace/imovelsp/local/vendor/laravel/framework/src/Illuminate/Pipeline/Pipeline.php(125): App\Http\Middleware\VerifyCsrfToken->handle()
#30 /Users/jonyfernandoschulz/workspace/imovelsp/local/vendor/laravel/framework/src/Illuminate/View/Middleware/ShareErrorsFromSession.php(55): Illuminate\Pipeline\Pipeline->Illuminate\Pipeline\{closure}()
#31 /Users/jonyfernandoschulz/workspace/imovelsp/local/vendor/laravel/framework/src/Illuminate/Pipeline/Pipeline.php(125): Illuminate\View\Middleware\ShareErrorsFromSession->handle()
#32 /Users/jonyfernandoschulz/workspace/imovelsp/local/vendor/laravel/framework/src/Illuminate/Session/Middleware/StartSession.php(61): Illuminate\Pipeline\Pipeline->Illuminate\Pipeline\{closure}()
#33 /Users/jonyfernandoschulz/workspace/imovelsp/local/vendor/laravel/framework/src/Illuminate/Pipeline/Pipeline.php(125): Illuminate\Session\Middleware\StartSession->handle()
#34 /Users/jonyfernandoschulz/workspace/imovelsp/local/vendor/laravel/framework/src/Illuminate/Cookie/Middleware/AddQueuedCookiesToResponse.php(36): Illuminate\Pipeline\Pipeline->Illuminate\Pipeline\{closure}()
#35 /Users/jonyfernandoschulz/workspace/imovelsp/local/vendor/laravel/framework/src/Illuminate/Pipeline/Pipeline.php(125): Illuminate\Cookie\Middleware\AddQueuedCookiesToResponse->handle()
#36 /Users/jonyfernandoschulz/workspace/imovelsp/local/vendor/laravel/framework/src/Illuminate/Cookie/Middleware/EncryptCookies.php(40): Illuminate\Pipeline\Pipeline->Illuminate\Pipeline\{closure}()
#37 /Users/jonyfernandoschulz/workspace/imovelsp/local/vendor/laravel/framework/src/Illuminate/Pipeline/Pipeline.php(125): Illuminate\Cookie\Middleware\EncryptCookies->handle()
#38 /Users/jonyfernandoschulz/workspace/imovelsp/local/vendor/laravel/framework/src/Illuminate/Foundation/Http/Middleware/CheckForMaintenanceMode.php(42): Illuminate\Pipeline\Pipeline->Illuminate\Pipeline\{closure}()
#39 /Users/jonyfernandoschulz/workspace/imovelsp/local/vendor/laravel/framework/src/Illuminate/Pipeline/Pipeline.php(125): Illuminate\Foundation\Http\Middleware\CheckForMaintenanceMode->handle()
#40 /Users/jonyfernandoschulz/workspace/imovelsp/local/vendor/laravel/framework/src/Illuminate/Pipeline/Pipeline.php(101): Illuminate\Pipeline\Pipeline->Illuminate\Pipeline\{closure}()
#41 /Users/jonyfernandoschulz/workspace/imovelsp/local/vendor/laravel/framework/src/Illuminate/Pipeline/Pipeline.php(101): call_user_func:{/Users/jonyfernandoschulz/workspace/imovelsp/local/vendor/laravel/framework/src/Illuminate/Pipeline/Pipeline.php:101}()
#42 /Users/jonyfernandoschulz/workspace/imovelsp/local/vendor/laravel/framework/src/Illuminate/Foundation/Http/Kernel.php(115): Illuminate\Pipeline\Pipeline->then()
#43 /Users/jonyfernandoschulz/workspace/imovelsp/local/vendor/laravel/framework/src/Illuminate/Foundation/Http/Kernel.php(84): Illuminate\Foundation\Http\Kernel->sendRequestThroughRouter()
#44 /Users/jonyfernandoschulz/workspace/imovelsp/index.php(53): Illuminate\Foundation\Http\Kernel->handle()
#45 /Users/jonyfernandoschulz/workspace/imovelsp/index.php(0): {main}()
#46 {main}  
[2015-04-26 23:38:23] local.ERROR: exception 'Symfony\Component\Debug\Exception\FatalErrorException' with message 'Declaration of App\Http\Repositories\MediaRepository::findFirst() must be compatible with App\Http\Interfaces\MediaRepositoryInterface::findFirst()' in /Users/jonyfernandoschulz/workspace/imovelsp/local/app/Http/Repositories/MediaRepository.php:8
Stack trace:
#0 /Users/jonyfernandoschulz/workspace/imovelsp/local/vendor/laravel/framework/src/Illuminate/Foundation/Bootstrap/HandleExceptions.php(131): Symfony\Component\Debug\Exception\FatalErrorException->__construct()
#1 /Users/jonyfernandoschulz/workspace/imovelsp/local/vendor/laravel/framework/src/Illuminate/Foundation/Bootstrap/HandleExceptions.php(116): Illuminate\Foundation\Bootstrap\HandleExceptions->fatalExceptionFromError()
#2 /Users/jonyfernandoschulz/workspace/imovelsp/local/vendor/laravel/framework/src/Illuminate/Foundation/Bootstrap/HandleExceptions.php(0): Illuminate\Foundation\Bootstrap\HandleExceptions->handleShutdown()
#3 /Users/jonyfernandoschulz/workspace/imovelsp/local/vendor/composer/ClassLoader.php(412): ()
#4 /Users/jonyfernandoschulz/workspace/imovelsp/local/vendor/composer/ClassLoader.php(301): Composer\Autoload\includeFile()
#5 /Users/jonyfernandoschulz/workspace/imovelsp/local/vendor/laravel/framework/src/Illuminate/Container/Container.php(0): Composer\Autoload\ClassLoader->loadClass()
#6 /Users/jonyfernandoschulz/workspace/imovelsp/local/vendor/laravel/framework/src/Illuminate/Container/Container.php(833): spl_autoload_call()
#7 /Users/jonyfernandoschulz/workspace/imovelsp/local/vendor/laravel/framework/src/Illuminate/Container/Container.php(833): ReflectionParameter->getClass()
#8 /Users/jonyfernandoschulz/workspace/imovelsp/local/vendor/laravel/framework/src/Illuminate/Container/Container.php(813): Illuminate\Container\Container->getDependencies()
#9 /Users/jonyfernandoschulz/workspace/imovelsp/local/vendor/laravel/framework/src/Illuminate/Container/Container.php(656): Illuminate\Container\Container->build()
#10 /Users/jonyfernandoschulz/workspace/imovelsp/local/vendor/laravel/framework/src/Illuminate/Foundation/Application.php(642): Illuminate\Container\Container->make()
#11 /Users/jonyfernandoschulz/workspace/imovelsp/local/vendor/laravel/framework/src/Illuminate/Routing/ControllerDispatcher.php(83): Illuminate\Foundation\Application->make()
#12 /Users/jonyfernandoschulz/workspace/imovelsp/local/vendor/laravel/framework/src/Illuminate/Routing/ControllerDispatcher.php(54): Illuminate\Routing\ControllerDispatcher->makeController()
#13 /Users/jonyfernandoschulz/workspace/imovelsp/local/vendor/laravel/framework/src/Illuminate/Routing/Route.php(198): Illuminate\Routing\ControllerDispatcher->dispatch()
#14 /Users/jonyfernandoschulz/workspace/imovelsp/local/vendor/laravel/framework/src/Illuminate/Routing/Route.php(131): Illuminate\Routing\Route->runWithCustomDispatcher()
#15 /Users/jonyfernandoschulz/workspace/imovelsp/local/vendor/laravel/framework/src/Illuminate/Routing/Router.php(692): Illuminate\Routing\Route->run()
#16 /Users/jonyfernandoschulz/workspace/imovelsp/local/vendor/laravel/framework/src/Illuminate/Pipeline/Pipeline.php(141): Illuminate\Routing\Router->Illuminate\Routing\{closure}()
#17 /Users/jonyfernandoschulz/workspace/imovelsp/local/vendor/laravel/framework/src/Illuminate/Pipeline/Pipeline.php(141): call_user_func:{/Users/jonyfernandoschulz/workspace/imovelsp/local/vendor/laravel/framework/src/Illuminate/Pipeline/Pipeline.php:141}()
#18 /Users/jonyfernandoschulz/workspace/imovelsp/local/vendor/laravel/framework/src/Illuminate/Pipeline/Pipeline.php(101): Illuminate\Pipeline\Pipeline->Illuminate\Pipeline\{closure}()
#19 /Users/jonyfernandoschulz/workspace/imovelsp/local/vendor/laravel/framework/src/Illuminate/Pipeline/Pipeline.php(101): call_user_func:{/Users/jonyfernandoschulz/workspace/imovelsp/local/vendor/laravel/framework/src/Illuminate/Pipeline/Pipeline.php:101}()
#20 /Users/jonyfernandoschulz/workspace/imovelsp/local/vendor/laravel/framework/src/Illuminate/Routing/Router.php(694): Illuminate\Pipeline\Pipeline->then()
#21 /Users/jonyfernandoschulz/workspace/imovelsp/local/vendor/laravel/framework/src/Illuminate/Routing/Router.php(661): Illuminate\Routing\Router->runRouteWithinStack()
#22 /Users/jonyfernandoschulz/workspace/imovelsp/local/vendor/laravel/framework/src/Illuminate/Routing/Router.php(619): Illuminate\Routing\Router->dispatchToRoute()
#23 /Users/jonyfernandoschulz/workspace/imovelsp/local/vendor/laravel/framework/src/Illuminate/Foundation/Http/Kernel.php(214): Illuminate\Routing\Router->dispatch()
#24 /Users/jonyfernandoschulz/workspace/imovelsp/local/vendor/laravel/framework/src/Illuminate/Pipeline/Pipeline.php(141): Illuminate\Foundation\Http\Kernel->Illuminate\Foundation\Http\{closure}()
#25 /Users/jonyfernandoschulz/workspace/imovelsp/local/vendor/laravel/framework/src/Illuminate/Pipeline/Pipeline.php(141): call_user_func:{/Users/jonyfernandoschulz/workspace/imovelsp/local/vendor/laravel/framework/src/Illuminate/Pipeline/Pipeline.php:141}()
#26 /Users/jonyfernandoschulz/workspace/imovelsp/local/vendor/laravel/framework/src/Illuminate/Foundation/Http/Middleware/VerifyCsrfToken.php(43): Illuminate\Pipeline\Pipeline->Illuminate\Pipeline\{closure}()
#27 /Users/jonyfernandoschulz/workspace/imovelsp/local/app/Http/Middleware/VerifyCsrfToken.php(17): Illuminate\Foundation\Http\Middleware\VerifyCsrfToken->handle()
#28 /Users/jonyfernandoschulz/workspace/imovelsp/local/vendor/laravel/framework/src/Illuminate/Pipeline/Pipeline.php(125): App\Http\Middleware\VerifyCsrfToken->handle()
#29 /Users/jonyfernandoschulz/workspace/imovelsp/local/vendor/laravel/framework/src/Illuminate/View/Middleware/ShareErrorsFromSession.php(55): Illuminate\Pipeline\Pipeline->Illuminate\Pipeline\{closure}()
#30 /Users/jonyfernandoschulz/workspace/imovelsp/local/vendor/laravel/framework/src/Illuminate/Pipeline/Pipeline.php(125): Illuminate\View\Middleware\ShareErrorsFromSession->handle()
#31 /Users/jonyfernandoschulz/workspace/imovelsp/local/vendor/laravel/framework/src/Illuminate/Session/Middleware/StartSession.php(61): Illuminate\Pipeline\Pipeline->Illuminate\Pipeline\{closure}()
#32 /Users/jonyfernandoschulz/workspace/imovelsp/local/vendor/laravel/framework/src/Illuminate/Pipeline/Pipeline.php(125): Illuminate\Session\Middleware\StartSession->handle()
#33 /Users/jonyfernandoschulz/workspace/imovelsp/local/vendor/laravel/framework/src/Illuminate/Cookie/Middleware/AddQueuedCookiesToResponse.php(36): Illuminate\Pipeline\Pipeline->Illuminate\Pipeline\{closure}()
#34 /Users/jonyfernandoschulz/workspace/imovelsp/local/vendor/laravel/framework/src/Illuminate/Pipeline/Pipeline.php(125): Illuminate\Cookie\Middleware\AddQueuedCookiesToResponse->handle()
#35 /Users/jonyfernandoschulz/workspace/imovelsp/local/vendor/laravel/framework/src/Illuminate/Cookie/Middleware/EncryptCookies.php(40): Illuminate\Pipeline\Pipeline->Illuminate\Pipeline\{closure}()
#36 /Users/jonyfernandoschulz/workspace/imovelsp/local/vendor/laravel/framework/src/Illuminate/Pipeline/Pipeline.php(125): Illuminate\Cookie\Middleware\EncryptCookies->handle()
#37 /Users/jonyfernandoschulz/workspace/imovelsp/local/vendor/laravel/framework/src/Illuminate/Foundation/Http/Middleware/CheckForMaintenanceMode.php(42): Illuminate\Pipeline\Pipeline->Illuminate\Pipeline\{closure}()
#38 /Users/jonyfernandoschulz/workspace/imovelsp/local/vendor/laravel/framework/src/Illuminate/Pipeline/Pipeline.php(125): Illuminate\Foundation\Http\Middleware\CheckForMaintenanceMode->handle()
#39 /Users/jonyfernandoschulz/workspace/imovelsp/local/vendor/laravel/framework/src/Illuminate/Pipeline/Pipeline.php(101): Illuminate\Pipeline\Pipeline->Illuminate\Pipeline\{closure}()
#40 /Users/jonyfernandoschulz/workspace/imovelsp/local/vendor/laravel/framework/src/Illuminate/Pipeline/Pipeline.php(101): call_user_func:{/Users/jonyfernandoschulz/workspace/imovelsp/local/vendor/laravel/framework/src/Illuminate/Pipeline/Pipeline.php:101}()
#41 /Users/jonyfernandoschulz/workspace/imovelsp/local/vendor/laravel/framework/src/Illuminate/Foundation/Http/Kernel.php(115): Illuminate\Pipeline\Pipeline->then()
#42 /Users/jonyfernandoschulz/workspace/imovelsp/local/vendor/laravel/framework/src/Illuminate/Foundation/Http/Kernel.php(84): Illuminate\Foundation\Http\Kernel->sendRequestThroughRouter()
#43 /Users/jonyfernandoschulz/workspace/imovelsp/index.php(53): Illuminate\Foundation\Http\Kernel->handle()
#44 /Users/jonyfernandoschulz/workspace/imovelsp/index.php(0): {main}()
#45 {main}  
[2015-04-26 23:46:53] local.ERROR: exception 'ErrorException' with message 'Missing argument 1 for Illuminate\Database\Eloquent\Model::find(), called in /Users/jonyfernandoschulz/workspace/imovelsp/local/app/Http/Repositories/MediaRepository.php on line 28 and defined' in /Users/jonyfernandoschulz/workspace/imovelsp/local/vendor/laravel/framework/src/Illuminate/Database/Eloquent/Model.php:672
Stack trace:
#0 /Users/jonyfernandoschulz/workspace/imovelsp/local/vendor/laravel/framework/src/Illuminate/Database/Eloquent/Model.php(672): Illuminate\Foundation\Bootstrap\HandleExceptions->handleError(2, 'Missing argumen...', '/Users/jonyfern...', 672, Array)
#1 /Users/jonyfernandoschulz/workspace/imovelsp/local/app/Http/Repositories/MediaRepository.php(28): Illuminate\Database\Eloquent\Model::find()
#2 /Users/jonyfernandoschulz/workspace/imovelsp/local/app/Http/Controllers/MediaController.php(44): App\Http\Repositories\MediaRepository->findFirst()
#3 [internal function]: App\Http\Controllers\MediaController->index()
#4 /Users/jonyfernandoschulz/workspace/imovelsp/local/vendor/laravel/framework/src/Illuminate/Routing/Controller.php(246): call_user_func_array(Array, Array)
#5 /Users/jonyfernandoschulz/workspace/imovelsp/local/vendor/laravel/framework/src/Illuminate/Routing/ControllerDispatcher.php(162): Illuminate\Routing\Controller->callAction('index', Array)
#6 /Users/jonyfernandoschulz/workspace/imovelsp/local/vendor/laravel/framework/src/Illuminate/Routing/ControllerDispatcher.php(107): Illuminate\Routing\ControllerDispatcher->call(Object(App\Http\Controllers\MediaController), Object(Illuminate\Routing\Route), 'index')
#7 [internal function]: Illuminate\Routing\ControllerDispatcher->Illuminate\Routing\{closure}(Object(Illuminate\Http\Request))
#8 /Users/jonyfernandoschulz/workspace/imovelsp/local/vendor/laravel/framework/src/Illuminate/Pipeline/Pipeline.php(141): call_user_func(Object(Closure), Object(Illuminate\Http\Request))
#9 [internal function]: Illuminate\Pipeline\Pipeline->Illuminate\Pipeline\{closure}(Object(Illuminate\Http\Request))
#10 /Users/jonyfernandoschulz/workspace/imovelsp/local/vendor/laravel/framework/src/Illuminate/Pipeline/Pipeline.php(101): call_user_func(Object(Closure), Object(Illuminate\Http\Request))
#11 /Users/jonyfernandoschulz/workspace/imovelsp/local/vendor/laravel/framework/src/Illuminate/Routing/ControllerDispatcher.php(108): Illuminate\Pipeline\Pipeline->then(Object(Closure))
#12 /Users/jonyfernandoschulz/workspace/imovelsp/local/vendor/laravel/framework/src/Illuminate/Routing/ControllerDispatcher.php(67): Illuminate\Routing\ControllerDispatcher->callWithinStack(Object(App\Http\Controllers\MediaController), Object(Illuminate\Routing\Route), Object(Illuminate\Http\Request), 'index')
#13 /Users/jonyfernandoschulz/workspace/imovelsp/local/vendor/laravel/framework/src/Illuminate/Routing/Route.php(204): Illuminate\Routing\ControllerDispatcher->dispatch(Object(Illuminate\Routing\Route), Object(Illuminate\Http\Request), 'App\\Http\\Contro...', 'index')
#14 /Users/jonyfernandoschulz/workspace/imovelsp/local/vendor/laravel/framework/src/Illuminate/Routing/Route.php(134): Illuminate\Routing\Route->runWithCustomDispatcher(Object(Illuminate\Http\Request))
#15 /Users/jonyfernandoschulz/workspace/imovelsp/local/vendor/laravel/framework/src/Illuminate/Routing/Router.php(701): Illuminate\Routing\Route->run(Object(Illuminate\Http\Request))
#16 [internal function]: Illuminate\Routing\Router->Illuminate\Routing\{closure}(Object(Illuminate\Http\Request))
#17 /Users/jonyfernandoschulz/workspace/imovelsp/local/vendor/laravel/framework/src/Illuminate/Pipeline/Pipeline.php(141): call_user_func(Object(Closure), Object(Illuminate\Http\Request))
#18 [internal function]: Illuminate\Pipeline\Pipeline->Illuminate\Pipeline\{closure}(Object(Illuminate\Http\Request))
#19 /Users/jonyfernandoschulz/workspace/imovelsp/local/vendor/laravel/framework/src/Illuminate/Pipeline/Pipeline.php(101): call_user_func(Object(Closure), Object(Illuminate\Http\Request))
#20 /Users/jonyfernandoschulz/workspace/imovelsp/local/vendor/laravel/framework/src/Illuminate/Routing/Router.php(703): Illuminate\Pipeline\Pipeline->then(Object(Closure))
#21 /Users/jonyfernandoschulz/workspace/imovelsp/local/vendor/laravel/framework/src/Illuminate/Routing/Router.php(670): Illuminate\Routing\Router->runRouteWithinStack(Object(Illuminate\Routing\Route), Object(Illuminate\Http\Request))
#22 /Users/jonyfernandoschulz/workspace/imovelsp/local/vendor/laravel/framework/src/Illuminate/Routing/Router.php(628): Illuminate\Routing\Router->dispatchToRoute(Object(Illuminate\Http\Request))
#23 /Users/jonyfernandoschulz/workspace/imovelsp/local/vendor/laravel/framework/src/Illuminate/Foundation/Http/Kernel.php(214): Illuminate\Routing\Router->dispatch(Object(Illuminate\Http\Request))
#24 [internal function]: Illuminate\Foundation\Http\Kernel->Illuminate\Foundation\Http\{closure}(Object(Illuminate\Http\Request))
#25 /Users/jonyfernandoschulz/workspace/imovelsp/local/vendor/laravel/framework/src/Illuminate/Pipeline/Pipeline.php(141): call_user_func(Object(Closure), Object(Illuminate\Http\Request))
#26 /Users/jonyfernandoschulz/workspace/imovelsp/local/vendor/laravel/framework/src/Illuminate/Foundation/Http/Middleware/VerifyCsrfToken.php(43): Illuminate\Pipeline\Pipeline->Illuminate\Pipeline\{closure}(Object(Illuminate\Http\Request))
#27 /Users/jonyfernandoschulz/workspace/imovelsp/local/app/Http/Middleware/VerifyCsrfToken.php(17): Illuminate\Foundation\Http\Middleware\VerifyCsrfToken->handle(Object(Illuminate\Http\Request), Object(Closure))
#28 /Users/jonyfernandoschulz/workspace/imovelsp/local/vendor/laravel/framework/src/Illuminate/Pipeline/Pipeline.php(125): App\Http\Middleware\VerifyCsrfToken->handle(Object(Illuminate\Http\Request), Object(Closure))
#29 /Users/jonyfernandoschulz/workspace/imovelsp/local/vendor/laravel/framework/src/Illuminate/View/Middleware/ShareErrorsFromSession.php(55): Illuminate\Pipeline\Pipeline->Illuminate\Pipeline\{closure}(Object(Illuminate\Http\Request))
#30 /Users/jonyfernandoschulz/workspace/imovelsp/local/vendor/laravel/framework/src/Illuminate/Pipeline/Pipeline.php(125): Illuminate\View\Middleware\ShareErrorsFromSession->handle(Object(Illuminate\Http\Request), Object(Closure))
#31 /Users/jonyfernandoschulz/workspace/imovelsp/local/vendor/laravel/framework/src/Illuminate/Session/Middleware/StartSession.php(61): Illuminate\Pipeline\Pipeline->Illuminate\Pipeline\{closure}(Object(Illuminate\Http\Request))
#32 /Users/jonyfernandoschulz/workspace/imovelsp/local/vendor/laravel/framework/src/Illuminate/Pipeline/Pipeline.php(125): Illuminate\Session\Middleware\StartSession->handle(Object(Illuminate\Http\Request), Object(Closure))
#33 /Users/jonyfernandoschulz/workspace/imovelsp/local/vendor/laravel/framework/src/Illuminate/Cookie/Middleware/AddQueuedCookiesToResponse.php(36): Illuminate\Pipeline\Pipeline->Illuminate\Pipeline\{closure}(Object(Illuminate\Http\Request))
#34 /Users/jonyfernandoschulz/workspace/imovelsp/local/vendor/laravel/framework/src/Illuminate/Pipeline/Pipeline.php(125): Illuminate\Cookie\Middleware\AddQueuedCookiesToResponse->handle(Object(Illuminate\Http\Request), Object(Closure))
#35 /Users/jonyfernandoschulz/workspace/imovelsp/local/vendor/laravel/framework/src/Illuminate/Cookie/Middleware/EncryptCookies.php(40): Illuminate\Pipeline\Pipeline->Illuminate\Pipeline\{closure}(Object(Illuminate\Http\Request))
#36 /Users/jonyfernandoschulz/workspace/imovelsp/local/vendor/laravel/framework/src/Illuminate/Pipeline/Pipeline.php(125): Illuminate\Cookie\Middleware\EncryptCookies->handle(Object(Illuminate\Http\Request), Object(Closure))
#37 /Users/jonyfernandoschulz/workspace/imovelsp/local/vendor/laravel/framework/src/Illuminate/Foundation/Http/Middleware/CheckForMaintenanceMode.php(42): Illuminate\Pipeline\Pipeline->Illuminate\Pipeline\{closure}(Object(Illuminate\Http\Request))
#38 /Users/jonyfernandoschulz/workspace/imovelsp/local/vendor/laravel/framework/src/Illuminate/Pipeline/Pipeline.php(125): Illuminate\Foundation\Http\Middleware\CheckForMaintenanceMode->handle(Object(Illuminate\Http\Request), Object(Closure))
#39 [internal function]: Illuminate\Pipeline\Pipeline->Illuminate\Pipeline\{closure}(Object(Illuminate\Http\Request))
#40 /Users/jonyfernandoschulz/workspace/imovelsp/local/vendor/laravel/framework/src/Illuminate/Pipeline/Pipeline.php(101): call_user_func(Object(Closure), Object(Illuminate\Http\Request))
#41 /Users/jonyfernandoschulz/workspace/imovelsp/local/vendor/laravel/framework/src/Illuminate/Foundation/Http/Kernel.php(115): Illuminate\Pipeline\Pipeline->then(Object(Closure))
#42 /Users/jonyfernandoschulz/workspace/imovelsp/local/vendor/laravel/framework/src/Illuminate/Foundation/Http/Kernel.php(84): Illuminate\Foundation\Http\Kernel->sendRequestThroughRouter(Object(Illuminate\Http\Request))
#43 /Users/jonyfernandoschulz/workspace/imovelsp/index.php(53): Illuminate\Foundation\Http\Kernel->handle(Object(Illuminate\Http\Request))
#44 {main}  
