[2015-04-21 00:01:26] local.ERROR: exception 'Symfony\Component\Debug\Exception\FatalErrorException' with message 'Cannot access private property App\MediaDTO::$arquivo' in /Users/jonyfernandoschulz/workspace/imovelsp/local/app/Http/Repositories/MediaRepository.php:31
Stack trace:
#0 /Users/jonyfernandoschulz/workspace/imovelsp/local/vendor/laravel/framework/src/Illuminate/Foundation/Bootstrap/HandleExceptions.php(131): Symfony\Component\Debug\Exception\FatalErrorException->__construct()
#1 /Users/jonyfernandoschulz/workspace/imovelsp/local/vendor/laravel/framework/src/Illuminate/Foundation/Bootstrap/HandleExceptions.php(116): Illuminate\Foundation\Bootstrap\HandleExceptions->fatalExceptionFromError()
#2 /Users/jonyfernandoschulz/workspace/imovelsp/local/vendor/laravel/framework/src/Illuminate/Foundation/Bootstrap/HandleExceptions.php(0): Illuminate\Foundation\Bootstrap\HandleExceptions->handleShutdown()
#3 /Users/jonyfernandoschulz/workspace/imovelsp/local/app/Http/Controllers/MediaController.php(40): App\Http\Repositories\MediaRepository->createOrUpdate()
#4 /Users/jonyfernandoschulz/workspace/imovelsp/local/vendor/laravel/framework/src/Illuminate/Routing/Controller.php(246): App\Http\Controllers\MediaController->index()
#5 /Users/jonyfernandoschulz/workspace/imovelsp/local/vendor/laravel/framework/src/Illuminate/Routing/Controller.php(246): call_user_func_array:{/Users/jonyfernandoschulz/workspace/imovelsp/local/vendor/laravel/framework/src/Illuminate/Routing/Controller.php:246}()
#6 /Users/jonyfernandoschulz/workspace/imovelsp/local/vendor/laravel/framework/src/Illuminate/Routing/ControllerDispatcher.php(162): Illuminate\Routing\Controller->callAction()
#7 /Users/jonyfernandoschulz/workspace/imovelsp/local/vendor/laravel/framework/src/Illuminate/Routing/ControllerDispatcher.php(107): Illuminate\Routing\ControllerDispatcher->call()
#8 /Users/jonyfernandoschulz/workspace/imovelsp/local/vendor/laravel/framework/src/Illuminate/Pipeline/Pipeline.php(141): Illuminate\Routing\ControllerDispatcher->Illuminate\Routing\{closure}()
#9 /Users/jonyfernandoschulz/workspace/imovelsp/local/vendor/laravel/framework/src/Illuminate/Pipeline/Pipeline.php(141): call_user_func:{/Users/jonyfernandoschulz/workspace/imovelsp/local/vendor/laravel/framework/src/Illuminate/Pipeline/Pipeline.php:141}()
#10 /Users/jonyfernandoschulz/workspace/imovelsp/local/vendor/laravel/framework/src/Illuminate/Pipeline/Pipeline.php(101): Illuminate\Pipeline\Pipeline->Illuminate\Pipeline\{closure}()
#11 /Users/jonyfernandoschulz/workspace/imovelsp/local/vendor/laravel/framework/src/Illuminate/Pipeline/Pipeline.php(101): call_user_func:{/Users/jonyfernandoschulz/workspace/imovelsp/local/vendor/laravel/framework/src/Illuminate/Pipeline/Pipeline.php:101}()
#12 /Users/jonyfernandoschulz/workspace/imovelsp/local/vendor/laravel/framework/src/Illuminate/Routing/ControllerDispatcher.php(108): Illuminate\Pipeline\Pipeline->then()
#13 /Users/jonyfernandoschulz/workspace/imovelsp/local/vendor/laravel/framework/src/Illuminate/Routing/ControllerDispatcher.php(67): Illuminate\Routing\ControllerDispatcher->callWithinStack()
#14 /Users/jonyfernandoschulz/workspace/imovelsp/local/vendor/laravel/framework/src/Illuminate/Routing/Route.php(198): Illuminate\Routing\ControllerDispatcher->dispatch()
#15 /Users/jonyfernandoschulz/workspace/imovelsp/local/vendor/laravel/framework/src/Illuminate/Routing/Route.php(131): Illuminate\Routing\Route->runWithCustomDispatcher()
#16 /Users/jonyfernandoschulz/workspace/imovelsp/local/vendor/laravel/framework/src/Illuminate/Routing/Router.php(692): Illuminate\Routing\Route->run()
#17 /Users/jonyfernandoschulz/workspace/imovelsp/local/vendor/laravel/framework/src/Illuminate/Pipeline/Pipeline.php(141): Illuminate\Routing\Router->Illuminate\Routing\{closure}()
#18 /Users/jonyfernandoschulz/workspace/imovelsp/local/vendor/laravel/framework/src/Illuminate/Pipeline/Pipeline.php(141): call_user_func:{/Users/jonyfernandoschulz/workspace/imovelsp/local/vendor/laravel/framework/src/Illuminate/Pipeline/Pipeline.php:141}()
#19 /Users/jonyfernandoschulz/workspace/imovelsp/local/vendor/laravel/framework/src/Illuminate/Pipeline/Pipeline.php(101): Illuminate\Pipeline\Pipeline->Illuminate\Pipeline\{closure}()
#20 /Users/jonyfernandoschulz/workspace/imovelsp/local/vendor/laravel/framework/src/Illuminate/Pipeline/Pipeline.php(101): call_user_func:{/Users/jonyfernandoschulz/workspace/imovelsp/local/vendor/laravel/framework/src/Illuminate/Pipeline/Pipeline.php:101}()
#21 /Users/jonyfernandoschulz/workspace/imovelsp/local/vendor/laravel/framework/src/Illuminate/Routing/Router.php(694): Illuminate\Pipeline\Pipeline->then()
#22 /Users/jonyfernandoschulz/workspace/imovelsp/local/vendor/laravel/framework/src/Illuminate/Routing/Router.php(661): Illuminate\Routing\Router->runRouteWithinStack()
#23 /Users/jonyfernandoschulz/workspace/imovelsp/local/vendor/laravel/framework/src/Illuminate/Routing/Router.php(619): Illuminate\Routing\Router->dispatchToRoute()
#24 /Users/jonyfernandoschulz/workspace/imovelsp/local/vendor/laravel/framework/src/Illuminate/Foundation/Http/Kernel.php(214): Illuminate\Routing\Router->dispatch()
#25 /Users/jonyfernandoschulz/workspace/imovelsp/local/vendor/laravel/framework/src/Illuminate/Pipeline/Pipeline.php(141): Illuminate\Foundation\Http\Kernel->Illuminate\Foundation\Http\{closure}()
#26 /Users/jonyfernandoschulz/workspace/imovelsp/local/vendor/laravel/framework/src/Illuminate/Pipeline/Pipeline.php(141): call_user_func:{/Users/jonyfernandoschulz/workspace/imovelsp/local/vendor/laravel/framework/src/Illuminate/Pipeline/Pipeline.php:141}()
#27 /Users/jonyfernandoschulz/workspace/imovelsp/local/vendor/laravel/framework/src/Illuminate/Foundation/Http/Middleware/VerifyCsrfToken.php(43): Illuminate\Pipeline\Pipeline->Illuminate\Pipeline\{closure}()
#28 /Users/jonyfernandoschulz/workspace/imovelsp/local/app/Http/Middleware/VerifyCsrfToken.php(17): Illuminate\Foundation\Http\Middleware\VerifyCsrfToken->handle()
#29 /Users/jonyfernandoschulz/workspace/imovelsp/local/vendor/laravel/framework/src/Illuminate/Pipeline/Pipeline.php(125): App\Http\Middleware\VerifyCsrfToken->handle()
#30 /Users/jonyfernandoschulz/workspace/imovelsp/local/vendor/laravel/framework/src/Illuminate/View/Middleware/ShareErrorsFromSession.php(55): Illuminate\Pipeline\Pipeline->Illuminate\Pipeline\{closure}()
#31 /Users/jonyfernandoschulz/workspace/imovelsp/local/vendor/laravel/framework/src/Illuminate/Pipeline/Pipeline.php(125): Illuminate\View\Middleware\ShareErrorsFromSession->handle()
#32 /Users/jonyfernandoschulz/workspace/imovelsp/local/vendor/laravel/framework/src/Illuminate/Session/Middleware/StartSession.php(61): Illuminate\Pipeline\Pipeline->Illuminate\Pipeline\{closure}()
#33 /Users/jonyfernandoschulz/workspace/imovelsp/local/vendor/laravel/framework/src/Illuminate/Pipeline/Pipeline.php(125): Illuminate\Session\Middleware\StartSession->handle()
#34 /Users/jonyfernandoschulz/workspace/imovelsp/local/vendor/laravel/framework/src/Illuminate/Cookie/Middleware/AddQueuedCookiesToResponse.php(36): Illuminate\Pipeline\Pipeline->Illuminate\Pipeline\{closure}()
#35 /Users/jonyfernandoschulz/workspace/imovelsp/local/vendor/laravel/framework/src/Illuminate/Pipeline/Pipeline.php(125): Illuminate\Cookie\Middleware\AddQueuedCookiesToResponse->handle()
#36 /Users/jonyfernandoschulz/workspace/imovelsp/local/vendor/laravel/framework/src/Illuminate/Cookie/Middleware/EncryptCookies.php(40): Illuminate\Pipeline\Pipeline->Illuminate\Pipeline\{closure}()
#37 /Users/jonyfernandoschulz/workspace/imovelsp/local/vendor/laravel/framework/src/Illuminate/Pipeline/Pipeline.php(125): Illuminate\Cookie\Middleware\EncryptCookies->handle()
#38 /Users/jonyfernandoschulz/workspace/imovelsp/local/vendor/laravel/framework/src/Illuminate/Foundation/Http/Middleware/CheckForMaintenanceMode.php(42): Illuminate\Pipeline\Pipeline->Illuminate\Pipeline\{closure}()
#39 /Users/jonyfernandoschulz/workspace/imovelsp/local/vendor/laravel/framework/src/Illuminate/Pipeline/Pipeline.php(125): Illuminate\Foundation\Http\Middleware\CheckForMaintenanceMode->handle()
#40 /Users/jonyfernandoschulz/workspace/imovelsp/local/vendor/laravel/framework/src/Illuminate/Pipeline/Pipeline.php(101): Illuminate\Pipeline\Pipeline->Illuminate\Pipeline\{closure}()
#41 /Users/jonyfernandoschulz/workspace/imovelsp/local/vendor/laravel/framework/src/Illuminate/Pipeline/Pipeline.php(101): call_user_func:{/Users/jonyfernandoschulz/workspace/imovelsp/local/vendor/laravel/framework/src/Illuminate/Pipeline/Pipeline.php:101}()
#42 /Users/jonyfernandoschulz/workspace/imovelsp/local/vendor/laravel/framework/src/Illuminate/Foundation/Http/Kernel.php(115): Illuminate\Pipeline\Pipeline->then()
#43 /Users/jonyfernandoschulz/workspace/imovelsp/local/vendor/laravel/framework/src/Illuminate/Foundation/Http/Kernel.php(84): Illuminate\Foundation\Http\Kernel->sendRequestThroughRouter()
#44 /Users/jonyfernandoschulz/workspace/imovelsp/index.php(53): Illuminate\Foundation\Http\Kernel->handle()
#45 /Users/jonyfernandoschulz/workspace/imovelsp/index.php(0): {main}()
#46 {main}  
[2015-04-21 00:06:06] local.ERROR: exception 'Symfony\Component\Debug\Exception\FatalErrorException' with message 'Cannot use isset() on the result of a function call (you can use "null !== func()" instead)' in /Users/jonyfernandoschulz/workspace/imovelsp/local/app/Http/Repositories/MediaRepository.php:25
Stack trace:
#0 /Users/jonyfernandoschulz/workspace/imovelsp/local/vendor/laravel/framework/src/Illuminate/Foundation/Bootstrap/HandleExceptions.php(131): Symfony\Component\Debug\Exception\FatalErrorException->__construct()
#1 /Users/jonyfernandoschulz/workspace/imovelsp/local/vendor/laravel/framework/src/Illuminate/Foundation/Bootstrap/HandleExceptions.php(116): Illuminate\Foundation\Bootstrap\HandleExceptions->fatalExceptionFromError()
#2 /Users/jonyfernandoschulz/workspace/imovelsp/local/vendor/laravel/framework/src/Illuminate/Foundation/Bootstrap/HandleExceptions.php(0): Illuminate\Foundation\Bootstrap\HandleExceptions->handleShutdown()
#3 /Users/jonyfernandoschulz/workspace/imovelsp/local/vendor/composer/ClassLoader.php(301): Composer\Autoload\includeFile()
#4 /Users/jonyfernandoschulz/workspace/imovelsp/local/vendor/laravel/framework/src/Illuminate/Container/Container.php(0): Composer\Autoload\ClassLoader->loadClass()
#5 /Users/jonyfernandoschulz/workspace/imovelsp/local/vendor/laravel/framework/src/Illuminate/Container/Container.php(833): spl_autoload_call()
#6 /Users/jonyfernandoschulz/workspace/imovelsp/local/vendor/laravel/framework/src/Illuminate/Container/Container.php(833): ReflectionParameter->getClass()
#7 /Users/jonyfernandoschulz/workspace/imovelsp/local/vendor/laravel/framework/src/Illuminate/Container/Container.php(813): Illuminate\Container\Container->getDependencies()
#8 /Users/jonyfernandoschulz/workspace/imovelsp/local/vendor/laravel/framework/src/Illuminate/Container/Container.php(656): Illuminate\Container\Container->build()
#9 /Users/jonyfernandoschulz/workspace/imovelsp/local/vendor/laravel/framework/src/Illuminate/Foundation/Application.php(642): Illuminate\Container\Container->make()
#10 /Users/jonyfernandoschulz/workspace/imovelsp/local/vendor/laravel/framework/src/Illuminate/Routing/ControllerDispatcher.php(83): Illuminate\Foundation\Application->make()
#11 /Users/jonyfernandoschulz/workspace/imovelsp/local/vendor/laravel/framework/src/Illuminate/Routing/ControllerDispatcher.php(54): Illuminate\Routing\ControllerDispatcher->makeController()
#12 /Users/jonyfernandoschulz/workspace/imovelsp/local/vendor/laravel/framework/src/Illuminate/Routing/Route.php(198): Illuminate\Routing\ControllerDispatcher->dispatch()
#13 /Users/jonyfernandoschulz/workspace/imovelsp/local/vendor/laravel/framework/src/Illuminate/Routing/Route.php(131): Illuminate\Routing\Route->runWithCustomDispatcher()
#14 /Users/jonyfernandoschulz/workspace/imovelsp/local/vendor/laravel/framework/src/Illuminate/Routing/Router.php(692): Illuminate\Routing\Route->run()
#15 /Users/jonyfernandoschulz/workspace/imovelsp/local/vendor/laravel/framework/src/Illuminate/Pipeline/Pipeline.php(141): Illuminate\Routing\Router->Illuminate\Routing\{closure}()
#16 /Users/jonyfernandoschulz/workspace/imovelsp/local/vendor/laravel/framework/src/Illuminate/Pipeline/Pipeline.php(141): call_user_func:{/Users/jonyfernandoschulz/workspace/imovelsp/local/vendor/laravel/framework/src/Illuminate/Pipeline/Pipeline.php:141}()
#17 /Users/jonyfernandoschulz/workspace/imovelsp/local/vendor/laravel/framework/src/Illuminate/Pipeline/Pipeline.php(101): Illuminate\Pipeline\Pipeline->Illuminate\Pipeline\{closure}()
#18 /Users/jonyfernandoschulz/workspace/imovelsp/local/vendor/laravel/framework/src/Illuminate/Pipeline/Pipeline.php(101): call_user_func:{/Users/jonyfernandoschulz/workspace/imovelsp/local/vendor/laravel/framework/src/Illuminate/Pipeline/Pipeline.php:101}()
#19 /Users/jonyfernandoschulz/workspace/imovelsp/local/vendor/laravel/framework/src/Illuminate/Routing/Router.php(694): Illuminate\Pipeline\Pipeline->then()
#20 /Users/jonyfernandoschulz/workspace/imovelsp/local/vendor/laravel/framework/src/Illuminate/Routing/Router.php(661): Illuminate\Routing\Router->runRouteWithinStack()
#21 /Users/jonyfernandoschulz/workspace/imovelsp/local/vendor/laravel/framework/src/Illuminate/Routing/Router.php(619): Illuminate\Routing\Router->dispatchToRoute()
#22 /Users/jonyfernandoschulz/workspace/imovelsp/local/vendor/laravel/framework/src/Illuminate/Foundation/Http/Kernel.php(214): Illuminate\Routing\Router->dispatch()
#23 /Users/jonyfernandoschulz/workspace/imovelsp/local/vendor/laravel/framework/src/Illuminate/Pipeline/Pipeline.php(141): Illuminate\Foundation\Http\Kernel->Illuminate\Foundation\Http\{closure}()
#24 /Users/jonyfernandoschulz/workspace/imovelsp/local/vendor/laravel/framework/src/Illuminate/Pipeline/Pipeline.php(141): call_user_func:{/Users/jonyfernandoschulz/workspace/imovelsp/local/vendor/laravel/framework/src/Illuminate/Pipeline/Pipeline.php:141}()
#25 /Users/jonyfernandoschulz/workspace/imovelsp/local/vendor/laravel/framework/src/Illuminate/Foundation/Http/Middleware/VerifyCsrfToken.php(43): Illuminate\Pipeline\Pipeline->Illuminate\Pipeline\{closure}()
#26 /Users/jonyfernandoschulz/workspace/imovelsp/local/app/Http/Middleware/VerifyCsrfToken.php(17): Illuminate\Foundation\Http\Middleware\VerifyCsrfToken->handle()
#27 /Users/jonyfernandoschulz/workspace/imovelsp/local/vendor/laravel/framework/src/Illuminate/Pipeline/Pipeline.php(125): App\Http\Middleware\VerifyCsrfToken->handle()
#28 /Users/jonyfernandoschulz/workspace/imovelsp/local/vendor/laravel/framework/src/Illuminate/View/Middleware/ShareErrorsFromSession.php(55): Illuminate\Pipeline\Pipeline->Illuminate\Pipeline\{closure}()
#29 /Users/jonyfernandoschulz/workspace/imovelsp/local/vendor/laravel/framework/src/Illuminate/Pipeline/Pipeline.php(125): Illuminate\View\Middleware\ShareErrorsFromSession->handle()
#30 /Users/jonyfernandoschulz/workspace/imovelsp/local/vendor/laravel/framework/src/Illuminate/Session/Middleware/StartSession.php(61): Illuminate\Pipeline\Pipeline->Illuminate\Pipeline\{closure}()
#31 /Users/jonyfernandoschulz/workspace/imovelsp/local/vendor/laravel/framework/src/Illuminate/Pipeline/Pipeline.php(125): Illuminate\Session\Middleware\StartSession->handle()
#32 /Users/jonyfernandoschulz/workspace/imovelsp/local/vendor/laravel/framework/src/Illuminate/Cookie/Middleware/AddQueuedCookiesToResponse.php(36): Illuminate\Pipeline\Pipeline->Illuminate\Pipeline\{closure}()
#33 /Users/jonyfernandoschulz/workspace/imovelsp/local/vendor/laravel/framework/src/Illuminate/Pipeline/Pipeline.php(125): Illuminate\Cookie\Middleware\AddQueuedCookiesToResponse->handle()
#34 /Users/jonyfernandoschulz/workspace/imovelsp/local/vendor/laravel/framework/src/Illuminate/Cookie/Middleware/EncryptCookies.php(40): Illuminate\Pipeline\Pipeline->Illuminate\Pipeline\{closure}()
#35 /Users/jonyfernandoschulz/workspace/imovelsp/local/vendor/laravel/framework/src/Illuminate/Pipeline/Pipeline.php(125): Illuminate\Cookie\Middleware\EncryptCookies->handle()
#36 /Users/jonyfernandoschulz/workspace/imovelsp/local/vendor/laravel/framework/src/Illuminate/Foundation/Http/Middleware/CheckForMaintenanceMode.php(42): Illuminate\Pipeline\Pipeline->Illuminate\Pipeline\{closure}()
#37 /Users/jonyfernandoschulz/workspace/imovelsp/local/vendor/laravel/framework/src/Illuminate/Pipeline/Pipeline.php(125): Illuminate\Foundation\Http\Middleware\CheckForMaintenanceMode->handle()
#38 /Users/jonyfernandoschulz/workspace/imovelsp/local/vendor/laravel/framework/src/Illuminate/Pipeline/Pipeline.php(101): Illuminate\Pipeline\Pipeline->Illuminate\Pipeline\{closure}()
#39 /Users/jonyfernandoschulz/workspace/imovelsp/local/vendor/laravel/framework/src/Illuminate/Pipeline/Pipeline.php(101): call_user_func:{/Users/jonyfernandoschulz/workspace/imovelsp/local/vendor/laravel/framework/src/Illuminate/Pipeline/Pipeline.php:101}()
#40 /Users/jonyfernandoschulz/workspace/imovelsp/local/vendor/laravel/framework/src/Illuminate/Foundation/Http/Kernel.php(115): Illuminate\Pipeline\Pipeline->then()
#41 /Users/jonyfernandoschulz/workspace/imovelsp/local/vendor/laravel/framework/src/Illuminate/Foundation/Http/Kernel.php(84): Illuminate\Foundation\Http\Kernel->sendRequestThroughRouter()
#42 /Users/jonyfernandoschulz/workspace/imovelsp/index.php(53): Illuminate\Foundation\Http\Kernel->handle()
#43 /Users/jonyfernandoschulz/workspace/imovelsp/index.php(0): {main}()
#44 {main}  
[2015-04-21 00:16:29] local.ERROR: exception 'ErrorException' with message 'Missing argument 1 for App\MediaDTO::setId(), called in /Users/jonyfernandoschulz/workspace/imovelsp/local/app/Http/Controllers/MediaController.php on line 31 and defined' in /Users/jonyfernandoschulz/workspace/imovelsp/local/app/MediaDTO.php:18
Stack trace:
#0 /Users/jonyfernandoschulz/workspace/imovelsp/local/app/MediaDTO.php(18): Illuminate\Foundation\Bootstrap\HandleExceptions->handleError(2, 'Missing argumen...', '/Users/jonyfern...', 18, Array)
#1 /Users/jonyfernandoschulz/workspace/imovelsp/local/app/Http/Controllers/MediaController.php(31): App\MediaDTO->setId()
#2 [internal function]: App\Http\Controllers\MediaController->index()
#3 /Users/jonyfernandoschulz/workspace/imovelsp/local/vendor/laravel/framework/src/Illuminate/Routing/Controller.php(246): call_user_func_array(Array, Array)
#4 /Users/jonyfernandoschulz/workspace/imovelsp/local/vendor/laravel/framework/src/Illuminate/Routing/ControllerDispatcher.php(162): Illuminate\Routing\Controller->callAction('index', Array)
#5 /Users/jonyfernandoschulz/workspace/imovelsp/local/vendor/laravel/framework/src/Illuminate/Routing/ControllerDispatcher.php(107): Illuminate\Routing\ControllerDispatcher->call(Object(App\Http\Controllers\MediaController), Object(Illuminate\Routing\Route), 'index')
#6 [internal function]: Illuminate\Routing\ControllerDispatcher->Illuminate\Routing\{closure}(Object(Illuminate\Http\Request))
#7 /Users/jonyfernandoschulz/workspace/imovelsp/local/vendor/laravel/framework/src/Illuminate/Pipeline/Pipeline.php(141): call_user_func(Object(Closure), Object(Illuminate\Http\Request))
#8 [internal function]: Illuminate\Pipeline\Pipeline->Illuminate\Pipeline\{closure}(Object(Illuminate\Http\Request))
#9 /Users/jonyfernandoschulz/workspace/imovelsp/local/vendor/laravel/framework/src/Illuminate/Pipeline/Pipeline.php(101): call_user_func(Object(Closure), Object(Illuminate\Http\Request))
#10 /Users/jonyfernandoschulz/workspace/imovelsp/local/vendor/laravel/framework/src/Illuminate/Routing/ControllerDispatcher.php(108): Illuminate\Pipeline\Pipeline->then(Object(Closure))
#11 /Users/jonyfernandoschulz/workspace/imovelsp/local/vendor/laravel/framework/src/Illuminate/Routing/ControllerDispatcher.php(67): Illuminate\Routing\ControllerDispatcher->callWithinStack(Object(App\Http\Controllers\MediaController), Object(Illuminate\Routing\Route), Object(Illuminate\Http\Request), 'index')
#12 /Users/jonyfernandoschulz/workspace/imovelsp/local/vendor/laravel/framework/src/Illuminate/Routing/Route.php(198): Illuminate\Routing\ControllerDispatcher->dispatch(Object(Illuminate\Routing\Route), Object(Illuminate\Http\Request), 'App\\Http\\Contro...', 'index')
#13 /Users/jonyfernandoschulz/workspace/imovelsp/local/vendor/laravel/framework/src/Illuminate/Routing/Route.php(131): Illuminate\Routing\Route->runWithCustomDispatcher(Object(Illuminate\Http\Request))
#14 /Users/jonyfernandoschulz/workspace/imovelsp/local/vendor/laravel/framework/src/Illuminate/Routing/Router.php(692): Illuminate\Routing\Route->run(Object(Illuminate\Http\Request))
#15 [internal function]: Illuminate\Routing\Router->Illuminate\Routing\{closure}(Object(Illuminate\Http\Request))
#16 /Users/jonyfernandoschulz/workspace/imovelsp/local/vendor/laravel/framework/src/Illuminate/Pipeline/Pipeline.php(141): call_user_func(Object(Closure), Object(Illuminate\Http\Request))
#17 [internal function]: Illuminate\Pipeline\Pipeline->Illuminate\Pipeline\{closure}(Object(Illuminate\Http\Request))
#18 /Users/jonyfernandoschulz/workspace/imovelsp/local/vendor/laravel/framework/src/Illuminate/Pipeline/Pipeline.php(101): call_user_func(Object(Closure), Object(Illuminate\Http\Request))
#19 /Users/jonyfernandoschulz/workspace/imovelsp/local/vendor/laravel/framework/src/Illuminate/Routing/Router.php(694): Illuminate\Pipeline\Pipeline->then(Object(Closure))
#20 /Users/jonyfernandoschulz/workspace/imovelsp/local/vendor/laravel/framework/src/Illuminate/Routing/Router.php(661): Illuminate\Routing\Router->runRouteWithinStack(Object(Illuminate\Routing\Route), Object(Illuminate\Http\Request))
#21 /Users/jonyfernandoschulz/workspace/imovelsp/local/vendor/laravel/framework/src/Illuminate/Routing/Router.php(619): Illuminate\Routing\Router->dispatchToRoute(Object(Illuminate\Http\Request))
#22 /Users/jonyfernandoschulz/workspace/imovelsp/local/vendor/laravel/framework/src/Illuminate/Foundation/Http/Kernel.php(214): Illuminate\Routing\Router->dispatch(Object(Illuminate\Http\Request))
#23 [internal function]: Illuminate\Foundation\Http\Kernel->Illuminate\Foundation\Http\{closure}(Object(Illuminate\Http\Request))
#24 /Users/jonyfernandoschulz/workspace/imovelsp/local/vendor/laravel/framework/src/Illuminate/Pipeline/Pipeline.php(141): call_user_func(Object(Closure), Object(Illuminate\Http\Request))
#25 /Users/jonyfernandoschulz/workspace/imovelsp/local/vendor/laravel/framework/src/Illuminate/Foundation/Http/Middleware/VerifyCsrfToken.php(43): Illuminate\Pipeline\Pipeline->Illuminate\Pipeline\{closure}(Object(Illuminate\Http\Request))
#26 /Users/jonyfernandoschulz/workspace/imovelsp/local/app/Http/Middleware/VerifyCsrfToken.php(17): Illuminate\Foundation\Http\Middleware\VerifyCsrfToken->handle(Object(Illuminate\Http\Request), Object(Closure))
#27 /Users/jonyfernandoschulz/workspace/imovelsp/local/vendor/laravel/framework/src/Illuminate/Pipeline/Pipeline.php(125): App\Http\Middleware\VerifyCsrfToken->handle(Object(Illuminate\Http\Request), Object(Closure))
#28 /Users/jonyfernandoschulz/workspace/imovelsp/local/vendor/laravel/framework/src/Illuminate/View/Middleware/ShareErrorsFromSession.php(55): Illuminate\Pipeline\Pipeline->Illuminate\Pipeline\{closure}(Object(Illuminate\Http\Request))
#29 /Users/jonyfernandoschulz/workspace/imovelsp/local/vendor/laravel/framework/src/Illuminate/Pipeline/Pipeline.php(125): Illuminate\View\Middleware\ShareErrorsFromSession->handle(Object(Illuminate\Http\Request), Object(Closure))
#30 /Users/jonyfernandoschulz/workspace/imovelsp/local/vendor/laravel/framework/src/Illuminate/Session/Middleware/StartSession.php(61): Illuminate\Pipeline\Pipeline->Illuminate\Pipeline\{closure}(Object(Illuminate\Http\Request))
#31 /Users/jonyfernandoschulz/workspace/imovelsp/local/vendor/laravel/framework/src/Illuminate/Pipeline/Pipeline.php(125): Illuminate\Session\Middleware\StartSession->handle(Object(Illuminate\Http\Request), Object(Closure))
#32 /Users/jonyfernandoschulz/workspace/imovelsp/local/vendor/laravel/framework/src/Illuminate/Cookie/Middleware/AddQueuedCookiesToResponse.php(36): Illuminate\Pipeline\Pipeline->Illuminate\Pipeline\{closure}(Object(Illuminate\Http\Request))
#33 /Users/jonyfernandoschulz/workspace/imovelsp/local/vendor/laravel/framework/src/Illuminate/Pipeline/Pipeline.php(125): Illuminate\Cookie\Middleware\AddQueuedCookiesToResponse->handle(Object(Illuminate\Http\Request), Object(Closure))
#34 /Users/jonyfernandoschulz/workspace/imovelsp/local/vendor/laravel/framework/src/Illuminate/Cookie/Middleware/EncryptCookies.php(40): Illuminate\Pipeline\Pipeline->Illuminate\Pipeline\{closure}(Object(Illuminate\Http\Request))
#35 /Users/jonyfernandoschulz/workspace/imovelsp/local/vendor/laravel/framework/src/Illuminate/Pipeline/Pipeline.php(125): Illuminate\Cookie\Middleware\EncryptCookies->handle(Object(Illuminate\Http\Request), Object(Closure))
#36 /Users/jonyfernandoschulz/workspace/imovelsp/local/vendor/laravel/framework/src/Illuminate/Foundation/Http/Middleware/CheckForMaintenanceMode.php(42): Illuminate\Pipeline\Pipeline->Illuminate\Pipeline\{closure}(Object(Illuminate\Http\Request))
#37 /Users/jonyfernandoschulz/workspace/imovelsp/local/vendor/laravel/framework/src/Illuminate/Pipeline/Pipeline.php(125): Illuminate\Foundation\Http\Middleware\CheckForMaintenanceMode->handle(Object(Illuminate\Http\Request), Object(Closure))
#38 [internal function]: Illuminate\Pipeline\Pipeline->Illuminate\Pipeline\{closure}(Object(Illuminate\Http\Request))
#39 /Users/jonyfernandoschulz/workspace/imovelsp/local/vendor/laravel/framework/src/Illuminate/Pipeline/Pipeline.php(101): call_user_func(Object(Closure), Object(Illuminate\Http\Request))
#40 /Users/jonyfernandoschulz/workspace/imovelsp/local/vendor/laravel/framework/src/Illuminate/Foundation/Http/Kernel.php(115): Illuminate\Pipeline\Pipeline->then(Object(Closure))
#41 /Users/jonyfernandoschulz/workspace/imovelsp/local/vendor/laravel/framework/src/Illuminate/Foundation/Http/Kernel.php(84): Illuminate\Foundation\Http\Kernel->sendRequestThroughRouter(Object(Illuminate\Http\Request))
#42 /Users/jonyfernandoschulz/workspace/imovelsp/index.php(53): Illuminate\Foundation\Http\Kernel->handle(Object(Illuminate\Http\Request))
#43 {main}  
